{"/Users/santi/Projects/FinanceTrackerProject/FinanceTrackerApp/src/components/LoadingState.tsx": {"path":"/Users/santi/Projects/FinanceTrackerProject/FinanceTrackerApp/src/components/LoadingState.tsx","statementMap":{"0":{"start":{"line":11,"column":57},"end":{"line":25,"column":1}},"1":{"start":{"line":14,"column":20},"end":{"line":14,"column":30}},"2":{"start":{"line":15,"column":17},"end":{"line":15,"column":48}},"3":{"start":{"line":17,"column":2},"end":{"line":24,"column":4}}},"fnMap":{"0":{"name":"(anonymous_0)","decl":{"start":{"line":11,"column":57},"end":{"line":11,"column":58}},"loc":{"start":{"line":13,"column":6},"end":{"line":25,"column":1}},"line":13}},"branchMap":{"0":{"loc":{"start":{"line":12,"column":2},"end":{"line":12,"column":42}},"type":"default-arg","locations":[{"start":{"line":12,"column":12},"end":{"line":12,"column":42}}],"line":12}},"s":{"0":0,"1":0,"2":0,"3":0},"f":{"0":0},"b":{"0":[0]}}
,"/Users/santi/Projects/FinanceTrackerProject/FinanceTrackerApp/src/components/cards/BalanceCard.styles.ts": {"path":"/Users/santi/Projects/FinanceTrackerProject/FinanceTrackerApp/src/components/cards/BalanceCard.styles.ts","statementMap":{"0":{"start":{"line":4,"column":39},"end":{"line":47,"column":4}},"1":{"start":{"line":5,"column":2},"end":{"line":47,"column":4}}},"fnMap":{"0":{"name":"(anonymous_0)","decl":{"start":{"line":4,"column":39},"end":{"line":4,"column":40}},"loc":{"start":{"line":5,"column":2},"end":{"line":47,"column":4}},"line":5}},"branchMap":{},"s":{"0":0,"1":0},"f":{"0":0},"b":{}}
,"/Users/santi/Projects/FinanceTrackerProject/FinanceTrackerApp/src/components/cards/BalanceCard.tsx": {"path":"/Users/santi/Projects/FinanceTrackerProject/FinanceTrackerApp/src/components/cards/BalanceCard.tsx","statementMap":{"0":{"start":{"line":16,"column":55},"end":{"line":115,"column":1}},"1":{"start":{"line":22,"column":20},"end":{"line":22,"column":30}},"2":{"start":{"line":24,"column":23},"end":{"line":29,"column":3}},"3":{"start":{"line":25,"column":4},"end":{"line":28,"column":9}},"4":{"start":{"line":31,"column":17},"end":{"line":31,"column":47}},"5":{"start":{"line":33,"column":2},"end":{"line":114,"column":4}}},"fnMap":{"0":{"name":"(anonymous_0)","decl":{"start":{"line":16,"column":55},"end":{"line":16,"column":56}},"loc":{"start":{"line":21,"column":6},"end":{"line":115,"column":1}},"line":21},"1":{"name":"(anonymous_1)","decl":{"start":{"line":24,"column":23},"end":{"line":24,"column":24}},"loc":{"start":{"line":24,"column":43},"end":{"line":29,"column":3}},"line":24}},"branchMap":{"0":{"loc":{"start":{"line":20,"column":2},"end":{"line":20,"column":16}},"type":"default-arg","locations":[{"start":{"line":20,"column":13},"end":{"line":20,"column":16}}],"line":20}},"s":{"0":0,"1":0,"2":0,"3":0,"4":0,"5":0},"f":{"0":0,"1":0},"b":{"0":[0]}}
,"/Users/santi/Projects/FinanceTrackerProject/FinanceTrackerApp/src/components/cards/MonthlyStats.styles.ts": {"path":"/Users/santi/Projects/FinanceTrackerProject/FinanceTrackerApp/src/components/cards/MonthlyStats.styles.ts","statementMap":{"0":{"start":{"line":4,"column":40},"end":{"line":16,"column":4}},"1":{"start":{"line":5,"column":2},"end":{"line":16,"column":4}}},"fnMap":{"0":{"name":"(anonymous_0)","decl":{"start":{"line":4,"column":40},"end":{"line":4,"column":41}},"loc":{"start":{"line":5,"column":2},"end":{"line":16,"column":4}},"line":5}},"branchMap":{},"s":{"0":0,"1":0},"f":{"0":0},"b":{}}
,"/Users/santi/Projects/FinanceTrackerProject/FinanceTrackerApp/src/components/cards/MonthlyStats.tsx": {"path":"/Users/santi/Projects/FinanceTrackerProject/FinanceTrackerApp/src/components/cards/MonthlyStats.tsx","statementMap":{"0":{"start":{"line":14,"column":57},"end":{"line":63,"column":1}},"1":{"start":{"line":19,"column":20},"end":{"line":19,"column":30}},"2":{"start":{"line":20,"column":17},"end":{"line":20,"column":48}},"3":{"start":{"line":22,"column":2},"end":{"line":62,"column":4}}},"fnMap":{"0":{"name":"(anonymous_0)","decl":{"start":{"line":14,"column":57},"end":{"line":14,"column":58}},"loc":{"start":{"line":18,"column":6},"end":{"line":63,"column":1}},"line":18}},"branchMap":{"0":{"loc":{"start":{"line":55,"column":19},"end":{"line":55,"column":54}},"type":"cond-expr","locations":[{"start":{"line":55,"column":34},"end":{"line":55,"column":42}},{"start":{"line":55,"column":45},"end":{"line":55,"column":54}}],"line":55}},"s":{"0":0,"1":0,"2":0,"3":0},"f":{"0":0},"b":{"0":[0,0]}}
,"/Users/santi/Projects/FinanceTrackerProject/FinanceTrackerApp/src/components/cards/TransactionCard.styles.ts": {"path":"/Users/santi/Projects/FinanceTrackerProject/FinanceTrackerApp/src/components/cards/TransactionCard.styles.ts","statementMap":{"0":{"start":{"line":4,"column":43},"end":{"line":38,"column":4}},"1":{"start":{"line":5,"column":2},"end":{"line":38,"column":4}}},"fnMap":{"0":{"name":"(anonymous_0)","decl":{"start":{"line":4,"column":43},"end":{"line":4,"column":44}},"loc":{"start":{"line":5,"column":2},"end":{"line":38,"column":4}},"line":5}},"branchMap":{},"s":{"0":0,"1":0},"f":{"0":0},"b":{}}
,"/Users/santi/Projects/FinanceTrackerProject/FinanceTrackerApp/src/components/cards/TransactionCard.tsx": {"path":"/Users/santi/Projects/FinanceTrackerProject/FinanceTrackerApp/src/components/cards/TransactionCard.tsx","statementMap":{"0":{"start":{"line":15,"column":63},"end":{"line":123,"column":1}},"1":{"start":{"line":19,"column":20},"end":{"line":19,"column":30}},"2":{"start":{"line":21,"column":26},"end":{"line":45,"column":3}},"3":{"start":{"line":22,"column":71},"end":{"line":39,"column":5}},"4":{"start":{"line":41,"column":4},"end":{"line":44,"column":6}},"5":{"start":{"line":47,"column":23},"end":{"line":50,"column":3}},"6":{"start":{"line":48,"column":17},"end":{"line":48,"column":46}},"7":{"start":{"line":49,"column":4},"end":{"line":49,"column":52}},"8":{"start":{"line":52,"column":21},"end":{"line":58,"column":3}},"9":{"start":{"line":53,"column":17},"end":{"line":53,"column":37}},"10":{"start":{"line":54,"column":4},"end":{"line":57,"column":7}},"11":{"start":{"line":60,"column":17},"end":{"line":60,"column":51}},"12":{"start":{"line":62,"column":24},"end":{"line":62,"column":57}},"13":{"start":{"line":64,"column":2},"end":{"line":122,"column":4}},"14":{"start":{"line":112,"column":41},"end":{"line":112,"column":56}}},"fnMap":{"0":{"name":"(anonymous_0)","decl":{"start":{"line":15,"column":63},"end":{"line":15,"column":64}},"loc":{"start":{"line":18,"column":6},"end":{"line":123,"column":1}},"line":18},"1":{"name":"(anonymous_1)","decl":{"start":{"line":21,"column":26},"end":{"line":21,"column":27}},"loc":{"start":{"line":21,"column":71},"end":{"line":45,"column":3}},"line":21},"2":{"name":"(anonymous_2)","decl":{"start":{"line":47,"column":23},"end":{"line":47,"column":24}},"loc":{"start":{"line":47,"column":66},"end":{"line":50,"column":3}},"line":47},"3":{"name":"(anonymous_3)","decl":{"start":{"line":52,"column":21},"end":{"line":52,"column":22}},"loc":{"start":{"line":52,"column":45},"end":{"line":58,"column":3}},"line":52},"4":{"name":"(anonymous_4)","decl":{"start":{"line":112,"column":36},"end":{"line":112,"column":37}},"loc":{"start":{"line":112,"column":41},"end":{"line":112,"column":56}},"line":112}},"branchMap":{"0":{"loc":{"start":{"line":42,"column":6},"end":{"line":43,"column":74}},"type":"binary-expr","locations":[{"start":{"line":42,"column":6},"end":{"line":42,"column":23}},{"start":{"line":43,"column":7},"end":{"line":43,"column":73}}],"line":42},"1":{"loc":{"start":{"line":43,"column":7},"end":{"line":43,"column":73}},"type":"cond-expr","locations":[{"start":{"line":43,"column":27},"end":{"line":43,"column":47}},{"start":{"line":43,"column":50},"end":{"line":43,"column":73}}],"line":43},"2":{"loc":{"start":{"line":48,"column":17},"end":{"line":48,"column":46}},"type":"cond-expr","locations":[{"start":{"line":48,"column":37},"end":{"line":48,"column":40}},{"start":{"line":48,"column":43},"end":{"line":48,"column":46}}],"line":48},"3":{"loc":{"start":{"line":62,"column":24},"end":{"line":62,"column":57}},"type":"cond-expr","locations":[{"start":{"line":62,"column":34},"end":{"line":62,"column":50}},{"start":{"line":62,"column":53},"end":{"line":62,"column":57}}],"line":62},"4":{"loc":{"start":{"line":68,"column":21},"end":{"line":68,"column":38}},"type":"cond-expr","locations":[{"start":{"line":68,"column":31},"end":{"line":68,"column":34}},{"start":{"line":68,"column":37},"end":{"line":68,"column":38}}],"line":68},"5":{"loc":{"start":{"line":77,"column":18},"end":{"line":79,"column":49}},"type":"cond-expr","locations":[{"start":{"line":78,"column":22},"end":{"line":78,"column":48}},{"start":{"line":79,"column":22},"end":{"line":79,"column":49}}],"line":77},"6":{"loc":{"start":{"line":87,"column":16},"end":{"line":89,"column":40}},"type":"cond-expr","locations":[{"start":{"line":88,"column":20},"end":{"line":88,"column":39}},{"start":{"line":89,"column":20},"end":{"line":89,"column":40}}],"line":87},"7":{"loc":{"start":{"line":102,"column":23},"end":{"line":102,"column":75}},"type":"cond-expr","locations":[{"start":{"line":102,"column":55},"end":{"line":102,"column":63}},{"start":{"line":102,"column":66},"end":{"line":102,"column":75}}],"line":102}},"s":{"0":0,"1":0,"2":0,"3":0,"4":0,"5":0,"6":0,"7":0,"8":0,"9":0,"10":0,"11":0,"12":0,"13":0,"14":0},"f":{"0":0,"1":0,"2":0,"3":0,"4":0},"b":{"0":[0,0],"1":[0,0],"2":[0,0],"3":[0,0],"4":[0,0],"5":[0,0],"6":[0,0],"7":[0,0]}}
,"/Users/santi/Projects/FinanceTrackerProject/FinanceTrackerApp/src/components/common/Button.tsx": {"path":"/Users/santi/Projects/FinanceTrackerProject/FinanceTrackerApp/src/components/common/Button.tsx","statementMap":{"0":{"start":{"line":24,"column":45},"end":{"line":173,"column":1}},"1":{"start":{"line":35,"column":20},"end":{"line":35,"column":30}},"2":{"start":{"line":37,"column":25},"end":{"line":92,"column":3}},"3":{"start":{"line":38,"column":33},"end":{"line":43,"column":5}},"4":{"start":{"line":46,"column":23},"end":{"line":62,"column":5}},"5":{"start":{"line":65,"column":26},"end":{"line":84,"column":5}},"6":{"start":{"line":86,"column":4},"end":{"line":91,"column":6}},"7":{"start":{"line":94,"column":23},"end":{"line":120,"column":3}},"8":{"start":{"line":95,"column":37},"end":{"line":99,"column":5}},"9":{"start":{"line":101,"column":30},"end":{"line":114,"column":5}},"10":{"start":{"line":116,"column":4},"end":{"line":119,"column":6}},"11":{"start":{"line":122,"column":22},"end":{"line":122,"column":38}},"12":{"start":{"line":123,"column":26},"end":{"line":123,"column":40}},"13":{"start":{"line":125,"column":24},"end":{"line":136,"column":3}},"14":{"start":{"line":126,"column":4},"end":{"line":135,"column":7}},"15":{"start":{"line":138,"column":2},"end":{"line":161,"column":3}},"16":{"start":{"line":140,"column":6},"end":{"line":142,"column":35}},"17":{"start":{"line":144,"column":4},"end":{"line":160,"column":6}},"18":{"start":{"line":163,"column":2},"end":{"line":172,"column":4}}},"fnMap":{"0":{"name":"(anonymous_0)","decl":{"start":{"line":24,"column":45},"end":{"line":24,"column":46}},"loc":{"start":{"line":34,"column":6},"end":{"line":173,"column":1}},"line":34},"1":{"name":"(anonymous_1)","decl":{"start":{"line":37,"column":25},"end":{"line":37,"column":26}},"loc":{"start":{"line":37,"column":42},"end":{"line":92,"column":3}},"line":37},"2":{"name":"(anonymous_2)","decl":{"start":{"line":94,"column":23},"end":{"line":94,"column":24}},"loc":{"start":{"line":94,"column":40},"end":{"line":120,"column":3}},"line":94},"3":{"name":"(anonymous_3)","decl":{"start":{"line":125,"column":24},"end":{"line":125,"column":25}},"loc":{"start":{"line":126,"column":4},"end":{"line":135,"column":7}},"line":126}},"branchMap":{"0":{"loc":{"start":{"line":27,"column":2},"end":{"line":27,"column":21}},"type":"default-arg","locations":[{"start":{"line":27,"column":12},"end":{"line":27,"column":21}}],"line":27},"1":{"loc":{"start":{"line":28,"column":2},"end":{"line":28,"column":17}},"type":"default-arg","locations":[{"start":{"line":28,"column":9},"end":{"line":28,"column":17}}],"line":28},"2":{"loc":{"start":{"line":29,"column":2},"end":{"line":29,"column":18}},"type":"default-arg","locations":[{"start":{"line":29,"column":13},"end":{"line":29,"column":18}}],"line":29},"3":{"loc":{"start":{"line":30,"column":2},"end":{"line":30,"column":17}},"type":"default-arg","locations":[{"start":{"line":30,"column":12},"end":{"line":30,"column":17}}],"line":30},"4":{"loc":{"start":{"line":33,"column":2},"end":{"line":33,"column":18}},"type":"default-arg","locations":[{"start":{"line":33,"column":13},"end":{"line":33,"column":18}}],"line":33},"5":{"loc":{"start":{"line":67,"column":25},"end":{"line":69,"column":32}},"type":"cond-expr","locations":[{"start":{"line":68,"column":12},"end":{"line":68,"column":33}},{"start":{"line":69,"column":12},"end":{"line":69,"column":32}}],"line":67},"6":{"loc":{"start":{"line":72,"column":25},"end":{"line":74,"column":34}},"type":"cond-expr","locations":[{"start":{"line":73,"column":12},"end":{"line":73,"column":33}},{"start":{"line":74,"column":12},"end":{"line":74,"column":34}}],"line":72},"7":{"loc":{"start":{"line":79,"column":21},"end":{"line":79,"column":76}},"type":"cond-expr","locations":[{"start":{"line":79,"column":32},"end":{"line":79,"column":53}},{"start":{"line":79,"column":56},"end":{"line":79,"column":76}}],"line":79},"8":{"loc":{"start":{"line":90,"column":15},"end":{"line":90,"column":33}},"type":"cond-expr","locations":[{"start":{"line":90,"column":26},"end":{"line":90,"column":29}},{"start":{"line":90,"column":32},"end":{"line":90,"column":33}}],"line":90},"9":{"loc":{"start":{"line":109,"column":15},"end":{"line":109,"column":70}},"type":"cond-expr","locations":[{"start":{"line":109,"column":26},"end":{"line":109,"column":47}},{"start":{"line":109,"column":50},"end":{"line":109,"column":70}}],"line":109},"10":{"loc":{"start":{"line":112,"column":15},"end":{"line":112,"column":70}},"type":"cond-expr","locations":[{"start":{"line":112,"column":26},"end":{"line":112,"column":47}},{"start":{"line":112,"column":50},"end":{"line":112,"column":70}}],"line":112},"11":{"loc":{"start":{"line":127,"column":7},"end":{"line":133,"column":7}},"type":"binary-expr","locations":[{"start":{"line":127,"column":7},"end":{"line":127,"column":14}},{"start":{"line":128,"column":8},"end":{"line":132,"column":10}}],"line":127},"12":{"loc":{"start":{"line":138,"column":2},"end":{"line":161,"column":3}},"type":"if","locations":[{"start":{"line":138,"column":2},"end":{"line":161,"column":3}},{"start":{},"end":{}}],"line":138},"13":{"loc":{"start":{"line":138,"column":6},"end":{"line":138,"column":68}},"type":"binary-expr","locations":[{"start":{"line":138,"column":6},"end":{"line":138,"column":14}},{"start":{"line":138,"column":19},"end":{"line":138,"column":40}},{"start":{"line":138,"column":44},"end":{"line":138,"column":67}}],"line":138},"14":{"loc":{"start":{"line":140,"column":6},"end":{"line":142,"column":35}},"type":"cond-expr","locations":[{"start":{"line":141,"column":10},"end":{"line":141,"column":33}},{"start":{"line":142,"column":10},"end":{"line":142,"column":35}}],"line":140},"15":{"loc":{"start":{"line":147,"column":18},"end":{"line":147,"column":37}},"type":"binary-expr","locations":[{"start":{"line":147,"column":18},"end":{"line":147,"column":26}},{"start":{"line":147,"column":30},"end":{"line":147,"column":37}}],"line":147},"16":{"loc":{"start":{"line":166,"column":16},"end":{"line":166,"column":35}},"type":"binary-expr","locations":[{"start":{"line":166,"column":16},"end":{"line":166,"column":24}},{"start":{"line":166,"column":28},"end":{"line":166,"column":35}}],"line":166}},"s":{"0":0,"1":0,"2":0,"3":0,"4":0,"5":0,"6":0,"7":0,"8":0,"9":0,"10":0,"11":0,"12":0,"13":0,"14":0,"15":0,"16":0,"17":0,"18":0},"f":{"0":0,"1":0,"2":0,"3":0},"b":{"0":[0],"1":[0],"2":[0],"3":[0],"4":[0],"5":[0,0],"6":[0,0],"7":[0,0],"8":[0,0],"9":[0,0],"10":[0,0],"11":[0,0],"12":[0,0],"13":[0,0,0],"14":[0,0],"15":[0,0],"16":[0,0]}}
,"/Users/santi/Projects/FinanceTrackerProject/FinanceTrackerApp/src/components/common/Card.tsx": {"path":"/Users/santi/Projects/FinanceTrackerProject/FinanceTrackerApp/src/components/common/Card.tsx","statementMap":{"0":{"start":{"line":15,"column":41},"end":{"line":64,"column":1}},"1":{"start":{"line":23,"column":20},"end":{"line":23,"column":30}},"2":{"start":{"line":25,"column":26},"end":{"line":33,"column":3}},"3":{"start":{"line":26,"column":26},"end":{"line":31,"column":5}},"4":{"start":{"line":32,"column":4},"end":{"line":32,"column":34}},"5":{"start":{"line":35,"column":31},"end":{"line":47,"column":3}},"6":{"start":{"line":49,"column":2},"end":{"line":61,"column":3}},"7":{"start":{"line":50,"column":19},"end":{"line":50,"column":57}},"8":{"start":{"line":51,"column":4},"end":{"line":60,"column":6}},"9":{"start":{"line":63,"column":2},"end":{"line":63,"column":60}}},"fnMap":{"0":{"name":"(anonymous_0)","decl":{"start":{"line":15,"column":41},"end":{"line":15,"column":42}},"loc":{"start":{"line":22,"column":6},"end":{"line":64,"column":1}},"line":22},"1":{"name":"(anonymous_1)","decl":{"start":{"line":25,"column":26},"end":{"line":25,"column":27}},"loc":{"start":{"line":25,"column":32},"end":{"line":33,"column":3}},"line":25}},"branchMap":{"0":{"loc":{"start":{"line":18,"column":2},"end":{"line":18,"column":18}},"type":"default-arg","locations":[{"start":{"line":18,"column":13},"end":{"line":18,"column":18}}],"line":18},"1":{"loc":{"start":{"line":20,"column":2},"end":{"line":20,"column":15}},"type":"default-arg","locations":[{"start":{"line":20,"column":14},"end":{"line":20,"column":15}}],"line":20},"2":{"loc":{"start":{"line":21,"column":2},"end":{"line":21,"column":20}},"type":"default-arg","locations":[{"start":{"line":21,"column":12},"end":{"line":21,"column":20}}],"line":21},"3":{"loc":{"start":{"line":43,"column":19},"end":{"line":43,"column":41}},"type":"cond-expr","locations":[{"start":{"line":43,"column":32},"end":{"line":43,"column":35}},{"start":{"line":43,"column":38},"end":{"line":43,"column":41}}],"line":43},"4":{"loc":{"start":{"line":49,"column":2},"end":{"line":61,"column":3}},"type":"if","locations":[{"start":{"line":49,"column":2},"end":{"line":61,"column":3}},{"start":{},"end":{}}],"line":49},"5":{"loc":{"start":{"line":50,"column":19},"end":{"line":50,"column":57}},"type":"binary-expr","locations":[{"start":{"line":50,"column":19},"end":{"line":50,"column":33}},{"start":{"line":50,"column":37},"end":{"line":50,"column":57}}],"line":50}},"s":{"0":0,"1":0,"2":0,"3":0,"4":0,"5":0,"6":0,"7":0,"8":0,"9":0},"f":{"0":0,"1":0},"b":{"0":[0],"1":[0],"2":[0],"3":[0,0],"4":[0,0],"5":[0,0]}}
,"/Users/santi/Projects/FinanceTrackerProject/FinanceTrackerApp/src/components/common/ThemedText.tsx": {"path":"/Users/santi/Projects/FinanceTrackerProject/FinanceTrackerApp/src/components/common/ThemedText.tsx","statementMap":{"0":{"start":{"line":34,"column":53},"end":{"line":74,"column":1}},"1":{"start":{"line":43,"column":20},"end":{"line":43,"column":30}},"2":{"start":{"line":45,"column":23},"end":{"line":60,"column":3}},"3":{"start":{"line":46,"column":21},"end":{"line":58,"column":5}},"4":{"start":{"line":59,"column":4},"end":{"line":59,"column":27}},"5":{"start":{"line":62,"column":31},"end":{"line":67,"column":3}},"6":{"start":{"line":69,"column":2},"end":{"line":73,"column":4}}},"fnMap":{"0":{"name":"(anonymous_0)","decl":{"start":{"line":34,"column":53},"end":{"line":34,"column":54}},"loc":{"start":{"line":42,"column":6},"end":{"line":74,"column":1}},"line":42},"1":{"name":"(anonymous_1)","decl":{"start":{"line":45,"column":23},"end":{"line":45,"column":24}},"loc":{"start":{"line":45,"column":29},"end":{"line":60,"column":3}},"line":45}},"branchMap":{"0":{"loc":{"start":{"line":36,"column":2},"end":{"line":36,"column":19}},"type":"default-arg","locations":[{"start":{"line":36,"column":12},"end":{"line":36,"column":19}}],"line":36},"1":{"loc":{"start":{"line":37,"column":2},"end":{"line":37,"column":16}},"type":"default-arg","locations":[{"start":{"line":37,"column":10},"end":{"line":37,"column":16}}],"line":37},"2":{"loc":{"start":{"line":38,"column":2},"end":{"line":38,"column":16}},"type":"default-arg","locations":[{"start":{"line":38,"column":10},"end":{"line":38,"column":16}}],"line":38},"3":{"loc":{"start":{"line":66,"column":16},"end":{"line":66,"column":71}},"type":"binary-expr","locations":[{"start":{"line":66,"column":16},"end":{"line":66,"column":22}},{"start":{"line":66,"column":27},"end":{"line":66,"column":70}}],"line":66}},"s":{"0":0,"1":0,"2":0,"3":0,"4":0,"5":0,"6":0},"f":{"0":0,"1":0},"b":{"0":[0],"1":[0],"2":[0],"3":[0,0]}}
,"/Users/santi/Projects/FinanceTrackerProject/FinanceTrackerApp/src/components/layout/Header.styles.ts": {"path":"/Users/santi/Projects/FinanceTrackerProject/FinanceTrackerApp/src/components/layout/Header.styles.ts","statementMap":{"0":{"start":{"line":4,"column":34},"end":{"line":30,"column":4}},"1":{"start":{"line":5,"column":2},"end":{"line":30,"column":4}}},"fnMap":{"0":{"name":"(anonymous_0)","decl":{"start":{"line":4,"column":34},"end":{"line":4,"column":35}},"loc":{"start":{"line":5,"column":2},"end":{"line":30,"column":4}},"line":5}},"branchMap":{},"s":{"0":0,"1":0},"f":{"0":0},"b":{}}
,"/Users/santi/Projects/FinanceTrackerProject/FinanceTrackerApp/src/components/layout/Header.tsx": {"path":"/Users/santi/Projects/FinanceTrackerProject/FinanceTrackerApp/src/components/layout/Header.tsx","statementMap":{"0":{"start":{"line":16,"column":45},"end":{"line":52,"column":1}},"1":{"start":{"line":21,"column":28},"end":{"line":21,"column":38}},"2":{"start":{"line":22,"column":17},"end":{"line":22,"column":42}},"3":{"start":{"line":24,"column":2},"end":{"line":51,"column":4}}},"fnMap":{"0":{"name":"(anonymous_0)","decl":{"start":{"line":16,"column":45},"end":{"line":16,"column":46}},"loc":{"start":{"line":20,"column":6},"end":{"line":52,"column":1}},"line":20}},"branchMap":{"0":{"loc":{"start":{"line":17,"column":2},"end":{"line":17,"column":27}},"type":"default-arg","locations":[{"start":{"line":17,"column":10},"end":{"line":17,"column":27}}],"line":17},"1":{"loc":{"start":{"line":18,"column":2},"end":{"line":18,"column":28}},"type":"default-arg","locations":[{"start":{"line":18,"column":13},"end":{"line":18,"column":28}}],"line":18},"2":{"loc":{"start":{"line":36,"column":11},"end":{"line":47,"column":11}},"type":"binary-expr","locations":[{"start":{"line":36,"column":11},"end":{"line":36,"column":24}},{"start":{"line":37,"column":12},"end":{"line":46,"column":31}}],"line":36},"3":{"loc":{"start":{"line":42,"column":22},"end":{"line":42,"column":47}},"type":"cond-expr","locations":[{"start":{"line":42,"column":31},"end":{"line":42,"column":38}},{"start":{"line":42,"column":41},"end":{"line":42,"column":47}}],"line":42}},"s":{"0":0,"1":0,"2":0,"3":0},"f":{"0":0},"b":{"0":[0],"1":[0],"2":[0,0],"3":[0,0]}}
,"/Users/santi/Projects/FinanceTrackerProject/FinanceTrackerApp/src/components/states/EmptyState.styles.ts": {"path":"/Users/santi/Projects/FinanceTrackerProject/FinanceTrackerApp/src/components/states/EmptyState.styles.ts","statementMap":{"0":{"start":{"line":4,"column":38},"end":{"line":10,"column":4}},"1":{"start":{"line":5,"column":2},"end":{"line":10,"column":4}}},"fnMap":{"0":{"name":"(anonymous_0)","decl":{"start":{"line":4,"column":38},"end":{"line":4,"column":39}},"loc":{"start":{"line":5,"column":2},"end":{"line":10,"column":4}},"line":5}},"branchMap":{},"s":{"0":0,"1":0},"f":{"0":0},"b":{}}
,"/Users/santi/Projects/FinanceTrackerProject/FinanceTrackerApp/src/components/states/EmptyState.tsx": {"path":"/Users/santi/Projects/FinanceTrackerProject/FinanceTrackerApp/src/components/states/EmptyState.tsx","statementMap":{"0":{"start":{"line":14,"column":53},"end":{"line":41,"column":1}},"1":{"start":{"line":19,"column":20},"end":{"line":19,"column":30}},"2":{"start":{"line":20,"column":17},"end":{"line":20,"column":46}},"3":{"start":{"line":22,"column":2},"end":{"line":40,"column":4}}},"fnMap":{"0":{"name":"(anonymous_0)","decl":{"start":{"line":14,"column":53},"end":{"line":14,"column":54}},"loc":{"start":{"line":18,"column":6},"end":{"line":41,"column":1}},"line":18}},"branchMap":{"0":{"loc":{"start":{"line":15,"column":2},"end":{"line":15,"column":26}},"type":"default-arg","locations":[{"start":{"line":15,"column":9},"end":{"line":15,"column":26}}],"line":15},"1":{"loc":{"start":{"line":16,"column":2},"end":{"line":16,"column":31}},"type":"default-arg","locations":[{"start":{"line":16,"column":10},"end":{"line":16,"column":31}}],"line":16},"2":{"loc":{"start":{"line":17,"column":2},"end":{"line":17,"column":70}},"type":"default-arg","locations":[{"start":{"line":17,"column":12},"end":{"line":17,"column":70}}],"line":17}},"s":{"0":0,"1":0,"2":0,"3":0},"f":{"0":0},"b":{"0":[0],"1":[0],"2":[0]}}
,"/Users/santi/Projects/FinanceTrackerProject/FinanceTrackerApp/src/components/states/ErrorState.styles.ts": {"path":"/Users/santi/Projects/FinanceTrackerProject/FinanceTrackerApp/src/components/states/ErrorState.styles.ts","statementMap":{"0":{"start":{"line":4,"column":38},"end":{"line":20,"column":4}},"1":{"start":{"line":5,"column":2},"end":{"line":20,"column":4}}},"fnMap":{"0":{"name":"(anonymous_0)","decl":{"start":{"line":4,"column":38},"end":{"line":4,"column":39}},"loc":{"start":{"line":5,"column":2},"end":{"line":20,"column":4}},"line":5}},"branchMap":{},"s":{"0":0,"1":0},"f":{"0":0},"b":{}}
,"/Users/santi/Projects/FinanceTrackerProject/FinanceTrackerApp/src/components/states/ErrorState.tsx": {"path":"/Users/santi/Projects/FinanceTrackerProject/FinanceTrackerApp/src/components/states/ErrorState.tsx","statementMap":{"0":{"start":{"line":16,"column":53},"end":{"line":56,"column":1}},"1":{"start":{"line":22,"column":20},"end":{"line":22,"column":30}},"2":{"start":{"line":23,"column":17},"end":{"line":23,"column":46}},"3":{"start":{"line":25,"column":23},"end":{"line":25,"column":71}},"4":{"start":{"line":27,"column":2},"end":{"line":55,"column":4}}},"fnMap":{"0":{"name":"(anonymous_0)","decl":{"start":{"line":16,"column":53},"end":{"line":16,"column":54}},"loc":{"start":{"line":21,"column":6},"end":{"line":56,"column":1}},"line":21}},"branchMap":{"0":{"loc":{"start":{"line":17,"column":2},"end":{"line":17,"column":28}},"type":"default-arg","locations":[{"start":{"line":17,"column":10},"end":{"line":17,"column":28}}],"line":17},"1":{"loc":{"start":{"line":25,"column":23},"end":{"line":25,"column":71}},"type":"binary-expr","locations":[{"start":{"line":25,"column":23},"end":{"line":25,"column":30}},{"start":{"line":25,"column":34},"end":{"line":25,"column":48}},{"start":{"line":25,"column":52},"end":{"line":25,"column":71}}],"line":25},"2":{"loc":{"start":{"line":45,"column":9},"end":{"line":52,"column":9}},"type":"binary-expr","locations":[{"start":{"line":45,"column":9},"end":{"line":45,"column":16}},{"start":{"line":46,"column":10},"end":{"line":51,"column":12}}],"line":45}},"s":{"0":0,"1":0,"2":0,"3":0,"4":0},"f":{"0":0},"b":{"0":[0],"1":[0,0,0],"2":[0,0]}}
,"/Users/santi/Projects/FinanceTrackerProject/FinanceTrackerApp/src/components/states/LoadingState.styles.ts": {"path":"/Users/santi/Projects/FinanceTrackerProject/FinanceTrackerApp/src/components/states/LoadingState.styles.ts","statementMap":{"0":{"start":{"line":4,"column":40},"end":{"line":12,"column":4}},"1":{"start":{"line":5,"column":2},"end":{"line":12,"column":4}}},"fnMap":{"0":{"name":"(anonymous_0)","decl":{"start":{"line":4,"column":40},"end":{"line":4,"column":41}},"loc":{"start":{"line":5,"column":2},"end":{"line":12,"column":4}},"line":5}},"branchMap":{},"s":{"0":0,"1":0},"f":{"0":0},"b":{}}
,"/Users/santi/Projects/FinanceTrackerProject/FinanceTrackerApp/src/components/states/LoadingState.tsx": {"path":"/Users/santi/Projects/FinanceTrackerProject/FinanceTrackerApp/src/components/states/LoadingState.tsx","statementMap":{"0":{"start":{"line":11,"column":57},"end":{"line":25,"column":1}},"1":{"start":{"line":14,"column":20},"end":{"line":14,"column":30}},"2":{"start":{"line":15,"column":17},"end":{"line":15,"column":48}},"3":{"start":{"line":17,"column":2},"end":{"line":24,"column":4}}},"fnMap":{"0":{"name":"(anonymous_0)","decl":{"start":{"line":11,"column":57},"end":{"line":11,"column":58}},"loc":{"start":{"line":13,"column":6},"end":{"line":25,"column":1}},"line":13}},"branchMap":{"0":{"loc":{"start":{"line":12,"column":2},"end":{"line":12,"column":42}},"type":"default-arg","locations":[{"start":{"line":12,"column":12},"end":{"line":12,"column":42}}],"line":12}},"s":{"0":0,"1":0,"2":0,"3":0},"f":{"0":0},"b":{"0":[0]}}
,"/Users/santi/Projects/FinanceTrackerProject/FinanceTrackerApp/src/components/states/QuickActions.styles.ts": {"path":"/Users/santi/Projects/FinanceTrackerProject/FinanceTrackerApp/src/components/states/QuickActions.styles.ts","statementMap":{"0":{"start":{"line":4,"column":40},"end":{"line":15,"column":4}},"1":{"start":{"line":5,"column":2},"end":{"line":15,"column":4}}},"fnMap":{"0":{"name":"(anonymous_0)","decl":{"start":{"line":4,"column":40},"end":{"line":4,"column":41}},"loc":{"start":{"line":5,"column":2},"end":{"line":15,"column":4}},"line":5}},"branchMap":{},"s":{"0":0,"1":0},"f":{"0":0},"b":{}}
,"/Users/santi/Projects/FinanceTrackerProject/FinanceTrackerApp/src/components/states/QuickActions.tsx": {"path":"/Users/santi/Projects/FinanceTrackerProject/FinanceTrackerApp/src/components/states/QuickActions.tsx","statementMap":{"0":{"start":{"line":11,"column":57},"end":{"line":35,"column":1}},"1":{"start":{"line":14,"column":20},"end":{"line":14,"column":30}},"2":{"start":{"line":15,"column":17},"end":{"line":15,"column":48}},"3":{"start":{"line":17,"column":2},"end":{"line":34,"column":4}}},"fnMap":{"0":{"name":"(anonymous_0)","decl":{"start":{"line":11,"column":57},"end":{"line":11,"column":58}},"loc":{"start":{"line":13,"column":6},"end":{"line":35,"column":1}},"line":13}},"branchMap":{},"s":{"0":0,"1":0,"2":0,"3":0},"f":{"0":0},"b":{}}
,"/Users/santi/Projects/FinanceTrackerProject/FinanceTrackerApp/src/components/states/TransactionsList.styles.ts": {"path":"/Users/santi/Projects/FinanceTrackerProject/FinanceTrackerApp/src/components/states/TransactionsList.styles.ts","statementMap":{"0":{"start":{"line":4,"column":44},"end":{"line":16,"column":4}},"1":{"start":{"line":5,"column":2},"end":{"line":16,"column":4}}},"fnMap":{"0":{"name":"(anonymous_0)","decl":{"start":{"line":4,"column":44},"end":{"line":4,"column":45}},"loc":{"start":{"line":5,"column":2},"end":{"line":16,"column":4}},"line":5}},"branchMap":{},"s":{"0":0,"1":0},"f":{"0":0},"b":{}}
,"/Users/santi/Projects/FinanceTrackerProject/FinanceTrackerApp/src/components/states/TransactionsList.tsx": {"path":"/Users/santi/Projects/FinanceTrackerProject/FinanceTrackerApp/src/components/states/TransactionsList.tsx","statementMap":{"0":{"start":{"line":17,"column":65},"end":{"line":56,"column":1}},"1":{"start":{"line":23,"column":20},"end":{"line":23,"column":30}},"2":{"start":{"line":24,"column":17},"end":{"line":24,"column":52}},"3":{"start":{"line":26,"column":2},"end":{"line":55,"column":4}},"4":{"start":{"line":46,"column":12},"end":{"line":50,"column":14}},"5":{"start":{"line":49,"column":29},"end":{"line":49,"column":62}}},"fnMap":{"0":{"name":"(anonymous_0)","decl":{"start":{"line":17,"column":65},"end":{"line":17,"column":66}},"loc":{"start":{"line":22,"column":6},"end":{"line":56,"column":1}},"line":22},"1":{"name":"(anonymous_1)","decl":{"start":{"line":45,"column":27},"end":{"line":45,"column":28}},"loc":{"start":{"line":46,"column":12},"end":{"line":50,"column":14}},"line":46},"2":{"name":"(anonymous_2)","decl":{"start":{"line":49,"column":23},"end":{"line":49,"column":24}},"loc":{"start":{"line":49,"column":29},"end":{"line":49,"column":62}},"line":49}},"branchMap":{"0":{"loc":{"start":{"line":32,"column":9},"end":{"line":38,"column":9}},"type":"binary-expr","locations":[{"start":{"line":32,"column":9},"end":{"line":32,"column":21}},{"start":{"line":32,"column":25},"end":{"line":32,"column":48}},{"start":{"line":33,"column":10},"end":{"line":37,"column":29}}],"line":32},"1":{"loc":{"start":{"line":35,"column":15},"end":{"line":35,"column":60}},"type":"cond-expr","locations":[{"start":{"line":35,"column":37},"end":{"line":35,"column":48}},{"start":{"line":35,"column":51},"end":{"line":35,"column":60}}],"line":35},"2":{"loc":{"start":{"line":42,"column":9},"end":{"line":52,"column":9}},"type":"cond-expr","locations":[{"start":{"line":43,"column":10},"end":{"line":43,"column":24}},{"start":{"line":45,"column":10},"end":{"line":51,"column":12}}],"line":42},"3":{"loc":{"start":{"line":42,"column":9},"end":{"line":42,"column":51}},"type":"binary-expr","locations":[{"start":{"line":42,"column":9},"end":{"line":42,"column":22}},{"start":{"line":42,"column":26},"end":{"line":42,"column":51}}],"line":42}},"s":{"0":0,"1":0,"2":0,"3":0,"4":0,"5":0},"f":{"0":0,"1":0,"2":0},"b":{"0":[0,0,0],"1":[0,0],"2":[0,0],"3":[0,0]}}
,"/Users/santi/Projects/FinanceTrackerProject/FinanceTrackerApp/src/config/env.ts": {"path":"/Users/santi/Projects/FinanceTrackerProject/FinanceTrackerApp/src/config/env.ts","statementMap":{"0":{"start":{"line":14,"column":18},"end":{"line":27,"column":1}},"1":{"start":{"line":16,"column":20},"end":{"line":16,"column":54}},"2":{"start":{"line":17,"column":2},"end":{"line":17,"column":42}},"3":{"start":{"line":17,"column":17},"end":{"line":17,"column":42}},"4":{"start":{"line":20,"column":2},"end":{"line":23,"column":3}},"5":{"start":{"line":21,"column":25},"end":{"line":21,"column":41}},"6":{"start":{"line":22,"column":4},"end":{"line":22,"column":50}},"7":{"start":{"line":22,"column":22},"end":{"line":22,"column":50}},"8":{"start":{"line":26,"column":2},"end":{"line":26,"column":18}},"9":{"start":{"line":30,"column":23},"end":{"line":51,"column":1}},"10":{"start":{"line":31,"column":28},"end":{"line":38,"column":3}},"11":{"start":{"line":41,"column":2},"end":{"line":43,"column":3}},"12":{"start":{"line":42,"column":4},"end":{"line":42,"column":48}},"13":{"start":{"line":45,"column":2},"end":{"line":48,"column":3}},"14":{"start":{"line":46,"column":4},"end":{"line":46,"column":63}},"15":{"start":{"line":47,"column":4},"end":{"line":47,"column":31}},"16":{"start":{"line":50,"column":2},"end":{"line":50,"column":16}},"17":{"start":{"line":54,"column":19},"end":{"line":54,"column":35}},"18":{"start":{"line":57,"column":0},"end":{"line":64,"column":1}},"19":{"start":{"line":58,"column":2},"end":{"line":63,"column":5}}},"fnMap":{"0":{"name":"(anonymous_0)","decl":{"start":{"line":14,"column":18},"end":{"line":14,"column":19}},"loc":{"start":{"line":14,"column":66},"end":{"line":27,"column":1}},"line":14},"1":{"name":"(anonymous_1)","decl":{"start":{"line":30,"column":23},"end":{"line":30,"column":24}},"loc":{"start":{"line":30,"column":40},"end":{"line":51,"column":1}},"line":30}},"branchMap":{"0":{"loc":{"start":{"line":14,"column":32},"end":{"line":14,"column":53}},"type":"default-arg","locations":[{"start":{"line":14,"column":51},"end":{"line":14,"column":53}}],"line":14},"1":{"loc":{"start":{"line":17,"column":2},"end":{"line":17,"column":42}},"type":"if","locations":[{"start":{"line":17,"column":2},"end":{"line":17,"column":42}},{"start":{},"end":{}}],"line":17},"2":{"loc":{"start":{"line":20,"column":2},"end":{"line":23,"column":3}},"type":"if","locations":[{"start":{"line":20,"column":2},"end":{"line":23,"column":3}},{"start":{},"end":{}}],"line":20},"3":{"loc":{"start":{"line":20,"column":6},"end":{"line":20,"column":51}},"type":"binary-expr","locations":[{"start":{"line":20,"column":6},"end":{"line":20,"column":36}},{"start":{"line":20,"column":40},"end":{"line":20,"column":51}}],"line":20},"4":{"loc":{"start":{"line":22,"column":4},"end":{"line":22,"column":50}},"type":"if","locations":[{"start":{"line":22,"column":4},"end":{"line":22,"column":50}},{"start":{},"end":{}}],"line":22},"5":{"loc":{"start":{"line":41,"column":2},"end":{"line":43,"column":3}},"type":"if","locations":[{"start":{"line":41,"column":2},"end":{"line":43,"column":3}},{"start":{},"end":{}}],"line":41},"6":{"loc":{"start":{"line":45,"column":2},"end":{"line":48,"column":3}},"type":"if","locations":[{"start":{"line":45,"column":2},"end":{"line":48,"column":3}},{"start":{},"end":{}}],"line":45},"7":{"loc":{"start":{"line":57,"column":0},"end":{"line":64,"column":1}},"type":"if","locations":[{"start":{"line":57,"column":0},"end":{"line":64,"column":1}},{"start":{},"end":{}}],"line":57}},"s":{"0":0,"1":0,"2":0,"3":0,"4":0,"5":0,"6":0,"7":0,"8":0,"9":0,"10":0,"11":0,"12":0,"13":0,"14":0,"15":0,"16":0,"17":0,"18":0,"19":0},"f":{"0":0,"1":0},"b":{"0":[0],"1":[0,0],"2":[0,0],"3":[0,0],"4":[0,0],"5":[0,0],"6":[0,0],"7":[0,0]}}
,"/Users/santi/Projects/FinanceTrackerProject/FinanceTrackerApp/src/hooks/useTransactionStats.ts": {"path":"/Users/santi/Projects/FinanceTrackerProject/FinanceTrackerApp/src/hooks/useTransactionStats.ts","statementMap":{"0":{"start":{"line":13,"column":35},"end":{"line":68,"column":1}},"1":{"start":{"line":16,"column":2},"end":{"line":67,"column":21}},"2":{"start":{"line":18,"column":4},"end":{"line":27,"column":5}},"3":{"start":{"line":19,"column":6},"end":{"line":26,"column":8}},"4":{"start":{"line":29,"column":16},"end":{"line":29,"column":26}},"5":{"start":{"line":30,"column":25},"end":{"line":30,"column":39}},"6":{"start":{"line":31,"column":24},"end":{"line":31,"column":41}},"7":{"start":{"line":33,"column":37},"end":{"line":39,"column":6}},"8":{"start":{"line":34,"column":30},"end":{"line":34,"column":56}},"9":{"start":{"line":35,"column":6},"end":{"line":38,"column":8}},"10":{"start":{"line":41,"column":26},"end":{"line":43,"column":44}},"11":{"start":{"line":42,"column":19},"end":{"line":42,"column":38}},"12":{"start":{"line":43,"column":26},"end":{"line":43,"column":40}},"13":{"start":{"line":45,"column":28},"end":{"line":47,"column":44}},"14":{"start":{"line":46,"column":19},"end":{"line":46,"column":39}},"15":{"start":{"line":47,"column":26},"end":{"line":47,"column":40}},"16":{"start":{"line":49,"column":25},"end":{"line":52,"column":5}},"17":{"start":{"line":50,"column":18},"end":{"line":50,"column":68}},"18":{"start":{"line":55,"column":6},"end":{"line":57,"column":11}},"19":{"start":{"line":59,"column":4},"end":{"line":66,"column":6}}},"fnMap":{"0":{"name":"(anonymous_0)","decl":{"start":{"line":13,"column":35},"end":{"line":13,"column":36}},"loc":{"start":{"line":15,"column":23},"end":{"line":68,"column":1}},"line":15},"1":{"name":"(anonymous_1)","decl":{"start":{"line":16,"column":17},"end":{"line":16,"column":18}},"loc":{"start":{"line":16,"column":23},"end":{"line":67,"column":3}},"line":16},"2":{"name":"(anonymous_2)","decl":{"start":{"line":33,"column":57},"end":{"line":33,"column":58}},"loc":{"start":{"line":33,"column":72},"end":{"line":39,"column":5}},"line":33},"3":{"name":"(anonymous_3)","decl":{"start":{"line":42,"column":14},"end":{"line":42,"column":15}},"loc":{"start":{"line":42,"column":19},"end":{"line":42,"column":38}},"line":42},"4":{"name":"(anonymous_4)","decl":{"start":{"line":43,"column":14},"end":{"line":43,"column":15}},"loc":{"start":{"line":43,"column":26},"end":{"line":43,"column":40}},"line":43},"5":{"name":"(anonymous_5)","decl":{"start":{"line":46,"column":14},"end":{"line":46,"column":15}},"loc":{"start":{"line":46,"column":19},"end":{"line":46,"column":39}},"line":46},"6":{"name":"(anonymous_6)","decl":{"start":{"line":47,"column":14},"end":{"line":47,"column":15}},"loc":{"start":{"line":47,"column":26},"end":{"line":47,"column":40}},"line":47},"7":{"name":"(anonymous_7)","decl":{"start":{"line":50,"column":6},"end":{"line":50,"column":7}},"loc":{"start":{"line":50,"column":18},"end":{"line":50,"column":68}},"line":50}},"branchMap":{"0":{"loc":{"start":{"line":18,"column":4},"end":{"line":27,"column":5}},"type":"if","locations":[{"start":{"line":18,"column":4},"end":{"line":27,"column":5}},{"start":{},"end":{}}],"line":18},"1":{"loc":{"start":{"line":18,"column":8},"end":{"line":18,"column":50}},"type":"binary-expr","locations":[{"start":{"line":18,"column":8},"end":{"line":18,"column":21}},{"start":{"line":18,"column":25},"end":{"line":18,"column":50}}],"line":18},"2":{"loc":{"start":{"line":36,"column":8},"end":{"line":37,"column":53}},"type":"binary-expr","locations":[{"start":{"line":36,"column":8},"end":{"line":36,"column":51}},{"start":{"line":37,"column":8},"end":{"line":37,"column":53}}],"line":36},"3":{"loc":{"start":{"line":50,"column":25},"end":{"line":50,"column":67}},"type":"cond-expr","locations":[{"start":{"line":50,"column":47},"end":{"line":50,"column":55}},{"start":{"line":50,"column":58},"end":{"line":50,"column":67}}],"line":50},"4":{"loc":{"start":{"line":55,"column":6},"end":{"line":57,"column":11}},"type":"cond-expr","locations":[{"start":{"line":56,"column":10},"end":{"line":56,"column":59}},{"start":{"line":57,"column":10},"end":{"line":57,"column":11}}],"line":55}},"s":{"0":0,"1":0,"2":0,"3":0,"4":0,"5":0,"6":0,"7":0,"8":0,"9":0,"10":0,"11":0,"12":0,"13":0,"14":0,"15":0,"16":0,"17":0,"18":0,"19":0},"f":{"0":0,"1":0,"2":0,"3":0,"4":0,"5":0,"6":0,"7":0},"b":{"0":[0,0],"1":[0,0],"2":[0,0],"3":[0,0],"4":[0,0]}}
,"/Users/santi/Projects/FinanceTrackerProject/FinanceTrackerApp/src/hooks/useTransactions.ts": {"path":"/Users/santi/Projects/FinanceTrackerProject/FinanceTrackerApp/src/hooks/useTransactions.ts","statementMap":{"0":{"start":{"line":30,"column":31},"end":{"line":144,"column":1}},"1":{"start":{"line":33,"column":45},"end":{"line":33,"column":52}},"2":{"start":{"line":35,"column":42},"end":{"line":35,"column":69}},"3":{"start":{"line":36,"column":46},"end":{"line":38,"column":5}},"4":{"start":{"line":39,"column":32},"end":{"line":39,"column":46}},"5":{"start":{"line":40,"column":28},"end":{"line":40,"column":57}},"6":{"start":{"line":42,"column":28},"end":{"line":68,"column":18}},"7":{"start":{"line":43,"column":4},"end":{"line":67,"column":5}},"8":{"start":{"line":44,"column":6},"end":{"line":44,"column":23}},"9":{"start":{"line":45,"column":6},"end":{"line":45,"column":21}},"10":{"start":{"line":47,"column":6},"end":{"line":57,"column":7}},"11":{"start":{"line":49,"column":25},"end":{"line":49,"column":78}},"12":{"start":{"line":50,"column":8},"end":{"line":50,"column":39}},"13":{"start":{"line":51,"column":8},"end":{"line":51,"column":47}},"14":{"start":{"line":54,"column":25},"end":{"line":54,"column":62}},"15":{"start":{"line":55,"column":8},"end":{"line":55,"column":34}},"16":{"start":{"line":56,"column":8},"end":{"line":56,"column":37}},"17":{"start":{"line":60,"column":8},"end":{"line":60,"column":78}},"18":{"start":{"line":61,"column":6},"end":{"line":61,"column":60}},"19":{"start":{"line":62,"column":6},"end":{"line":62,"column":29}},"20":{"start":{"line":63,"column":6},"end":{"line":63,"column":26}},"21":{"start":{"line":64,"column":6},"end":{"line":64,"column":35}},"22":{"start":{"line":66,"column":6},"end":{"line":66,"column":24}},"23":{"start":{"line":70,"column":28},"end":{"line":88,"column":3}},"24":{"start":{"line":72,"column":6},"end":{"line":85,"column":7}},"25":{"start":{"line":73,"column":8},"end":{"line":73,"column":23}},"26":{"start":{"line":74,"column":8},"end":{"line":74,"column":49}},"27":{"start":{"line":75,"column":8},"end":{"line":77,"column":9}},"28":{"start":{"line":76,"column":10},"end":{"line":76,"column":36}},"29":{"start":{"line":80,"column":10},"end":{"line":82,"column":44}},"30":{"start":{"line":83,"column":8},"end":{"line":83,"column":31}},"31":{"start":{"line":84,"column":8},"end":{"line":84,"column":18}},"32":{"start":{"line":90,"column":28},"end":{"line":108,"column":3}},"33":{"start":{"line":92,"column":6},"end":{"line":105,"column":7}},"34":{"start":{"line":93,"column":8},"end":{"line":93,"column":23}},"35":{"start":{"line":94,"column":8},"end":{"line":94,"column":53}},"36":{"start":{"line":95,"column":8},"end":{"line":97,"column":9}},"37":{"start":{"line":96,"column":10},"end":{"line":96,"column":36}},"38":{"start":{"line":100,"column":10},"end":{"line":102,"column":44}},"39":{"start":{"line":103,"column":8},"end":{"line":103,"column":31}},"40":{"start":{"line":104,"column":8},"end":{"line":104,"column":18}},"41":{"start":{"line":110,"column":28},"end":{"line":128,"column":3}},"42":{"start":{"line":112,"column":6},"end":{"line":125,"column":7}},"43":{"start":{"line":113,"column":8},"end":{"line":113,"column":23}},"44":{"start":{"line":114,"column":8},"end":{"line":114,"column":47}},"45":{"start":{"line":115,"column":8},"end":{"line":117,"column":9}},"46":{"start":{"line":116,"column":10},"end":{"line":116,"column":36}},"47":{"start":{"line":120,"column":10},"end":{"line":122,"column":44}},"48":{"start":{"line":123,"column":8},"end":{"line":123,"column":31}},"49":{"start":{"line":124,"column":8},"end":{"line":124,"column":18}},"50":{"start":{"line":130,"column":2},"end":{"line":132,"column":26}},"51":{"start":{"line":131,"column":4},"end":{"line":131,"column":24}},"52":{"start":{"line":134,"column":2},"end":{"line":143,"column":4}}},"fnMap":{"0":{"name":"(anonymous_0)","decl":{"start":{"line":30,"column":31},"end":{"line":30,"column":32}},"loc":{"start":{"line":32,"column":28},"end":{"line":144,"column":1}},"line":32},"1":{"name":"(anonymous_1)","decl":{"start":{"line":42,"column":40},"end":{"line":42,"column":41}},"loc":{"start":{"line":42,"column":52},"end":{"line":68,"column":3}},"line":42},"2":{"name":"(anonymous_2)","decl":{"start":{"line":71,"column":4},"end":{"line":71,"column":5}},"loc":{"start":{"line":71,"column":42},"end":{"line":86,"column":5}},"line":71},"3":{"name":"(anonymous_3)","decl":{"start":{"line":91,"column":4},"end":{"line":91,"column":5}},"loc":{"start":{"line":91,"column":54},"end":{"line":106,"column":5}},"line":91},"4":{"name":"(anonymous_4)","decl":{"start":{"line":111,"column":4},"end":{"line":111,"column":5}},"loc":{"start":{"line":111,"column":26},"end":{"line":126,"column":5}},"line":111},"5":{"name":"(anonymous_5)","decl":{"start":{"line":130,"column":12},"end":{"line":130,"column":13}},"loc":{"start":{"line":130,"column":18},"end":{"line":132,"column":3}},"line":130}},"branchMap":{"0":{"loc":{"start":{"line":31,"column":2},"end":{"line":31,"column":38}},"type":"default-arg","locations":[{"start":{"line":31,"column":36},"end":{"line":31,"column":38}}],"line":31},"1":{"loc":{"start":{"line":33,"column":22},"end":{"line":33,"column":40}},"type":"default-arg","locations":[{"start":{"line":33,"column":36},"end":{"line":33,"column":40}}],"line":33},"2":{"loc":{"start":{"line":47,"column":6},"end":{"line":57,"column":7}},"type":"if","locations":[{"start":{"line":47,"column":6},"end":{"line":57,"column":7}},{"start":{"line":52,"column":13},"end":{"line":57,"column":7}}],"line":47},"3":{"loc":{"start":{"line":47,"column":10},"end":{"line":47,"column":61}},"type":"binary-expr","locations":[{"start":{"line":47,"column":10},"end":{"line":47,"column":20}},{"start":{"line":47,"column":25},"end":{"line":47,"column":40}},{"start":{"line":47,"column":44},"end":{"line":47,"column":60}}],"line":47},"4":{"loc":{"start":{"line":60,"column":8},"end":{"line":60,"column":78}},"type":"cond-expr","locations":[{"start":{"line":60,"column":34},"end":{"line":60,"column":45}},{"start":{"line":60,"column":48},"end":{"line":60,"column":78}}],"line":60},"5":{"loc":{"start":{"line":75,"column":8},"end":{"line":77,"column":9}},"type":"if","locations":[{"start":{"line":75,"column":8},"end":{"line":77,"column":9}},{"start":{},"end":{}}],"line":75},"6":{"loc":{"start":{"line":80,"column":10},"end":{"line":82,"column":44}},"type":"cond-expr","locations":[{"start":{"line":81,"column":14},"end":{"line":81,"column":25}},{"start":{"line":82,"column":14},"end":{"line":82,"column":44}}],"line":80},"7":{"loc":{"start":{"line":95,"column":8},"end":{"line":97,"column":9}},"type":"if","locations":[{"start":{"line":95,"column":8},"end":{"line":97,"column":9}},{"start":{},"end":{}}],"line":95},"8":{"loc":{"start":{"line":100,"column":10},"end":{"line":102,"column":44}},"type":"cond-expr","locations":[{"start":{"line":101,"column":14},"end":{"line":101,"column":25}},{"start":{"line":102,"column":14},"end":{"line":102,"column":44}}],"line":100},"9":{"loc":{"start":{"line":115,"column":8},"end":{"line":117,"column":9}},"type":"if","locations":[{"start":{"line":115,"column":8},"end":{"line":117,"column":9}},{"start":{},"end":{}}],"line":115},"10":{"loc":{"start":{"line":120,"column":10},"end":{"line":122,"column":44}},"type":"cond-expr","locations":[{"start":{"line":121,"column":14},"end":{"line":121,"column":25}},{"start":{"line":122,"column":14},"end":{"line":122,"column":44}}],"line":120}},"s":{"0":0,"1":0,"2":0,"3":0,"4":0,"5":0,"6":0,"7":0,"8":0,"9":0,"10":0,"11":0,"12":0,"13":0,"14":0,"15":0,"16":0,"17":0,"18":0,"19":0,"20":0,"21":0,"22":0,"23":0,"24":0,"25":0,"26":0,"27":0,"28":0,"29":0,"30":0,"31":0,"32":0,"33":0,"34":0,"35":0,"36":0,"37":0,"38":0,"39":0,"40":0,"41":0,"42":0,"43":0,"44":0,"45":0,"46":0,"47":0,"48":0,"49":0,"50":0,"51":0,"52":0},"f":{"0":0,"1":0,"2":0,"3":0,"4":0,"5":0},"b":{"0":[0],"1":[0],"2":[0,0],"3":[0,0,0],"4":[0,0],"5":[0,0],"6":[0,0],"7":[0,0],"8":[0,0],"9":[0,0],"10":[0,0]}}
,"/Users/santi/Projects/FinanceTrackerProject/FinanceTrackerApp/src/hooks/useTransactionsQuery.ts": {"path":"/Users/santi/Projects/FinanceTrackerProject/FinanceTrackerApp/src/hooks/useTransactionsQuery.ts","statementMap":{"0":{"start":{"line":21,"column":31},"end":{"line":28,"column":1}},"1":{"start":{"line":23,"column":15},"end":{"line":23,"column":56}},"2":{"start":{"line":25,"column":4},"end":{"line":25,"column":49}},"3":{"start":{"line":26,"column":17},"end":{"line":26,"column":60}},"4":{"start":{"line":27,"column":26},"end":{"line":27,"column":69}},"5":{"start":{"line":36,"column":36},"end":{"line":56,"column":1}},"6":{"start":{"line":39,"column":41},"end":{"line":39,"column":48}},"7":{"start":{"line":41,"column":2},"end":{"line":55,"column":5}},"8":{"start":{"line":44,"column":6},"end":{"line":51,"column":7}},"9":{"start":{"line":46,"column":25},"end":{"line":46,"column":78}},"10":{"start":{"line":47,"column":8},"end":{"line":47,"column":29}},"11":{"start":{"line":50,"column":8},"end":{"line":50,"column":47}},"12":{"start":{"line":59,"column":45},"end":{"line":71,"column":1}},"13":{"start":{"line":63,"column":2},"end":{"line":70,"column":5}},"14":{"start":{"line":66,"column":6},"end":{"line":66,"column":57}},"15":{"start":{"line":74,"column":35},"end":{"line":86,"column":1}},"16":{"start":{"line":78,"column":2},"end":{"line":85,"column":5}},"17":{"start":{"line":81,"column":6},"end":{"line":81,"column":43}},"18":{"start":{"line":89,"column":44},"end":{"line":111,"column":1}},"19":{"start":{"line":94,"column":22},"end":{"line":94,"column":38}},"20":{"start":{"line":96,"column":2},"end":{"line":110,"column":5}},"21":{"start":{"line":100,"column":6},"end":{"line":100,"column":75}},"22":{"start":{"line":103,"column":6},"end":{"line":105,"column":8}},"23":{"start":{"line":104,"column":8},"end":{"line":104,"column":57}},"24":{"start":{"line":108,"column":6},"end":{"line":108,"column":60}},"25":{"start":{"line":114,"column":44},"end":{"line":148,"column":1}},"26":{"start":{"line":119,"column":22},"end":{"line":119,"column":38}},"27":{"start":{"line":121,"column":2},"end":{"line":147,"column":5}},"28":{"start":{"line":122,"column":34},"end":{"line":122,"column":72}},"29":{"start":{"line":125,"column":6},"end":{"line":125,"column":79}},"30":{"start":{"line":128,"column":6},"end":{"line":136,"column":8}},"31":{"start":{"line":131,"column":10},"end":{"line":131,"column":31}},"32":{"start":{"line":131,"column":20},"end":{"line":131,"column":31}},"33":{"start":{"line":132,"column":10},"end":{"line":134,"column":12}},"34":{"start":{"line":133,"column":12},"end":{"line":133,"column":68}},"35":{"start":{"line":139,"column":6},"end":{"line":142,"column":9}},"36":{"start":{"line":145,"column":6},"end":{"line":145,"column":60}},"37":{"start":{"line":151,"column":44},"end":{"line":184,"column":1}},"38":{"start":{"line":156,"column":22},"end":{"line":156,"column":38}},"39":{"start":{"line":158,"column":2},"end":{"line":183,"column":5}},"40":{"start":{"line":162,"column":6},"end":{"line":168,"column":8}},"41":{"start":{"line":165,"column":10},"end":{"line":165,"column":31}},"42":{"start":{"line":165,"column":20},"end":{"line":165,"column":31}},"43":{"start":{"line":166,"column":10},"end":{"line":166,"column":73}},"44":{"start":{"line":166,"column":43},"end":{"line":166,"column":71}},"45":{"start":{"line":171,"column":6},"end":{"line":173,"column":9}},"46":{"start":{"line":176,"column":6},"end":{"line":178,"column":9}},"47":{"start":{"line":181,"column":6},"end":{"line":181,"column":60}},"48":{"start":{"line":187,"column":30},"end":{"line":199,"column":1}},"49":{"start":{"line":191,"column":2},"end":{"line":198,"column":5}},"50":{"start":{"line":194,"column":6},"end":{"line":194,"column":38}}},"fnMap":{"0":{"name":"(anonymous_0)","decl":{"start":{"line":23,"column":9},"end":{"line":23,"column":10}},"loc":{"start":{"line":23,"column":15},"end":{"line":23,"column":56}},"line":23},"1":{"name":"(anonymous_1)","decl":{"start":{"line":24,"column":8},"end":{"line":24,"column":9}},"loc":{"start":{"line":25,"column":4},"end":{"line":25,"column":49}},"line":25},"2":{"name":"(anonymous_2)","decl":{"start":{"line":26,"column":11},"end":{"line":26,"column":12}},"loc":{"start":{"line":26,"column":17},"end":{"line":26,"column":60}},"line":26},"3":{"name":"(anonymous_3)","decl":{"start":{"line":27,"column":10},"end":{"line":27,"column":11}},"loc":{"start":{"line":27,"column":26},"end":{"line":27,"column":69}},"line":27},"4":{"name":"(anonymous_4)","decl":{"start":{"line":36,"column":36},"end":{"line":36,"column":37}},"loc":{"start":{"line":38,"column":46},"end":{"line":56,"column":1}},"line":38},"5":{"name":"(anonymous_5)","decl":{"start":{"line":43,"column":13},"end":{"line":43,"column":14}},"loc":{"start":{"line":43,"column":49},"end":{"line":52,"column":5}},"line":43},"6":{"name":"(anonymous_6)","decl":{"start":{"line":59,"column":45},"end":{"line":59,"column":46}},"loc":{"start":{"line":62,"column":63},"end":{"line":71,"column":1}},"line":62},"7":{"name":"(anonymous_7)","decl":{"start":{"line":65,"column":13},"end":{"line":65,"column":14}},"loc":{"start":{"line":65,"column":66},"end":{"line":67,"column":5}},"line":65},"8":{"name":"(anonymous_8)","decl":{"start":{"line":74,"column":35},"end":{"line":74,"column":36}},"loc":{"start":{"line":77,"column":44},"end":{"line":86,"column":1}},"line":77},"9":{"name":"(anonymous_9)","decl":{"start":{"line":80,"column":13},"end":{"line":80,"column":14}},"loc":{"start":{"line":80,"column":47},"end":{"line":82,"column":5}},"line":80},"10":{"name":"(anonymous_10)","decl":{"start":{"line":89,"column":44},"end":{"line":89,"column":45}},"loc":{"start":{"line":93,"column":5},"end":{"line":111,"column":1}},"line":93},"11":{"name":"(anonymous_11)","decl":{"start":{"line":98,"column":15},"end":{"line":98,"column":16}},"loc":{"start":{"line":98,"column":33},"end":{"line":106,"column":5}},"line":98},"12":{"name":"(anonymous_12)","decl":{"start":{"line":103,"column":70},"end":{"line":103,"column":71}},"loc":{"start":{"line":104,"column":8},"end":{"line":104,"column":57}},"line":104},"13":{"name":"(anonymous_13)","decl":{"start":{"line":107,"column":13},"end":{"line":107,"column":14}},"loc":{"start":{"line":107,"column":22},"end":{"line":109,"column":5}},"line":107},"14":{"name":"(anonymous_14)","decl":{"start":{"line":114,"column":44},"end":{"line":114,"column":45}},"loc":{"start":{"line":118,"column":5},"end":{"line":148,"column":1}},"line":118},"15":{"name":"(anonymous_15)","decl":{"start":{"line":122,"column":16},"end":{"line":122,"column":17}},"loc":{"start":{"line":122,"column":34},"end":{"line":122,"column":72}},"line":122},"16":{"name":"(anonymous_16)","decl":{"start":{"line":123,"column":15},"end":{"line":123,"column":16}},"loc":{"start":{"line":123,"column":47},"end":{"line":143,"column":5}},"line":123},"17":{"name":"(anonymous_17)","decl":{"start":{"line":130,"column":8},"end":{"line":130,"column":9}},"loc":{"start":{"line":130,"column":15},"end":{"line":135,"column":9}},"line":130},"18":{"name":"(anonymous_18)","decl":{"start":{"line":132,"column":25},"end":{"line":132,"column":26}},"loc":{"start":{"line":133,"column":12},"end":{"line":133,"column":68}},"line":133},"19":{"name":"(anonymous_19)","decl":{"start":{"line":144,"column":13},"end":{"line":144,"column":14}},"loc":{"start":{"line":144,"column":22},"end":{"line":146,"column":5}},"line":144},"20":{"name":"(anonymous_20)","decl":{"start":{"line":151,"column":44},"end":{"line":151,"column":45}},"loc":{"start":{"line":155,"column":5},"end":{"line":184,"column":1}},"line":155},"21":{"name":"(anonymous_21)","decl":{"start":{"line":160,"column":15},"end":{"line":160,"column":16}},"loc":{"start":{"line":160,"column":33},"end":{"line":179,"column":5}},"line":160},"22":{"name":"(anonymous_22)","decl":{"start":{"line":164,"column":8},"end":{"line":164,"column":9}},"loc":{"start":{"line":164,"column":15},"end":{"line":167,"column":9}},"line":164},"23":{"name":"(anonymous_23)","decl":{"start":{"line":166,"column":28},"end":{"line":166,"column":29}},"loc":{"start":{"line":166,"column":43},"end":{"line":166,"column":71}},"line":166},"24":{"name":"(anonymous_24)","decl":{"start":{"line":180,"column":13},"end":{"line":180,"column":14}},"loc":{"start":{"line":180,"column":22},"end":{"line":182,"column":5}},"line":180},"25":{"name":"(anonymous_25)","decl":{"start":{"line":187,"column":30},"end":{"line":187,"column":31}},"loc":{"start":{"line":190,"column":5},"end":{"line":199,"column":1}},"line":190},"26":{"name":"(anonymous_26)","decl":{"start":{"line":193,"column":13},"end":{"line":193,"column":14}},"loc":{"start":{"line":193,"column":73},"end":{"line":195,"column":5}},"line":193}},"branchMap":{"0":{"loc":{"start":{"line":37,"column":2},"end":{"line":37,"column":43}},"type":"default-arg","locations":[{"start":{"line":37,"column":41},"end":{"line":37,"column":43}}],"line":37},"1":{"loc":{"start":{"line":39,"column":22},"end":{"line":39,"column":36}},"type":"default-arg","locations":[{"start":{"line":39,"column":32},"end":{"line":39,"column":36}}],"line":39},"2":{"loc":{"start":{"line":44,"column":6},"end":{"line":51,"column":7}},"type":"if","locations":[{"start":{"line":44,"column":6},"end":{"line":51,"column":7}},{"start":{"line":48,"column":13},"end":{"line":51,"column":7}}],"line":44},"3":{"loc":{"start":{"line":44,"column":10},"end":{"line":44,"column":61}},"type":"binary-expr","locations":[{"start":{"line":44,"column":10},"end":{"line":44,"column":20}},{"start":{"line":44,"column":25},"end":{"line":44,"column":40}},{"start":{"line":44,"column":44},"end":{"line":44,"column":60}}],"line":44},"4":{"loc":{"start":{"line":61,"column":2},"end":{"line":61,"column":37}},"type":"default-arg","locations":[{"start":{"line":61,"column":35},"end":{"line":61,"column":37}}],"line":61},"5":{"loc":{"start":{"line":68,"column":13},"end":{"line":68,"column":36}},"type":"binary-expr","locations":[{"start":{"line":68,"column":13},"end":{"line":68,"column":28}},{"start":{"line":68,"column":32},"end":{"line":68,"column":36}}],"line":68},"6":{"loc":{"start":{"line":76,"column":2},"end":{"line":76,"column":37}},"type":"default-arg","locations":[{"start":{"line":76,"column":35},"end":{"line":76,"column":37}}],"line":76},"7":{"loc":{"start":{"line":83,"column":13},"end":{"line":83,"column":43}},"type":"binary-expr","locations":[{"start":{"line":83,"column":13},"end":{"line":83,"column":28}},{"start":{"line":83,"column":32},"end":{"line":83,"column":43}}],"line":83},"8":{"loc":{"start":{"line":104,"column":8},"end":{"line":104,"column":57}},"type":"cond-expr","locations":[{"start":{"line":104,"column":14},"end":{"line":104,"column":38}},{"start":{"line":104,"column":41},"end":{"line":104,"column":57}}],"line":104},"9":{"loc":{"start":{"line":131,"column":10},"end":{"line":131,"column":31}},"type":"if","locations":[{"start":{"line":131,"column":10},"end":{"line":131,"column":31}},{"start":{},"end":{}}],"line":131},"10":{"loc":{"start":{"line":133,"column":12},"end":{"line":133,"column":68}},"type":"cond-expr","locations":[{"start":{"line":133,"column":36},"end":{"line":133,"column":54}},{"start":{"line":133,"column":57},"end":{"line":133,"column":68}}],"line":133},"11":{"loc":{"start":{"line":165,"column":10},"end":{"line":165,"column":31}},"type":"if","locations":[{"start":{"line":165,"column":10},"end":{"line":165,"column":31}},{"start":{},"end":{}}],"line":165}},"s":{"0":0,"1":0,"2":0,"3":0,"4":0,"5":0,"6":0,"7":0,"8":0,"9":0,"10":0,"11":0,"12":0,"13":0,"14":0,"15":0,"16":0,"17":0,"18":0,"19":0,"20":0,"21":0,"22":0,"23":0,"24":0,"25":0,"26":0,"27":0,"28":0,"29":0,"30":0,"31":0,"32":0,"33":0,"34":0,"35":0,"36":0,"37":0,"38":0,"39":0,"40":0,"41":0,"42":0,"43":0,"44":0,"45":0,"46":0,"47":0,"48":0,"49":0,"50":0},"f":{"0":0,"1":0,"2":0,"3":0,"4":0,"5":0,"6":0,"7":0,"8":0,"9":0,"10":0,"11":0,"12":0,"13":0,"14":0,"15":0,"16":0,"17":0,"18":0,"19":0,"20":0,"21":0,"22":0,"23":0,"24":0,"25":0,"26":0},"b":{"0":[0],"1":[0],"2":[0,0],"3":[0,0,0],"4":[0],"5":[0,0],"6":[0],"7":[0,0],"8":[0,0],"9":[0,0],"10":[0,0],"11":[0,0]}}
,"/Users/santi/Projects/FinanceTrackerProject/FinanceTrackerApp/src/navigation/TabNavigator.tsx": {"path":"/Users/santi/Projects/FinanceTrackerProject/FinanceTrackerApp/src/navigation/TabNavigator.tsx","statementMap":{"0":{"start":{"line":11,"column":12},"end":{"line":11,"column":38}},"1":{"start":{"line":13,"column":38},"end":{"line":89,"column":1}},"2":{"start":{"line":14,"column":20},"end":{"line":14,"column":30}},"3":{"start":{"line":15,"column":17},"end":{"line":15,"column":36}},"4":{"start":{"line":17,"column":2},"end":{"line":88,"column":4}},"5":{"start":{"line":19,"column":37},"end":{"line":57,"column":7}},"6":{"start":{"line":24,"column":10},"end":{"line":39,"column":11}},"7":{"start":{"line":26,"column":14},"end":{"line":26,"column":59}},"8":{"start":{"line":27,"column":14},"end":{"line":27,"column":20}},"9":{"start":{"line":29,"column":14},"end":{"line":29,"column":59}},"10":{"start":{"line":30,"column":14},"end":{"line":30,"column":20}},"11":{"start":{"line":32,"column":14},"end":{"line":32,"column":69}},"12":{"start":{"line":33,"column":14},"end":{"line":33,"column":20}},"13":{"start":{"line":35,"column":14},"end":{"line":35,"column":67}},"14":{"start":{"line":36,"column":14},"end":{"line":36,"column":20}},"15":{"start":{"line":38,"column":14},"end":{"line":38,"column":34}},"16":{"start":{"line":41,"column":10},"end":{"line":41,"column":79}}},"fnMap":{"0":{"name":"(anonymous_0)","decl":{"start":{"line":13,"column":38},"end":{"line":13,"column":39}},"loc":{"start":{"line":13,"column":44},"end":{"line":89,"column":1}},"line":13},"1":{"name":"(anonymous_1)","decl":{"start":{"line":19,"column":21},"end":{"line":19,"column":22}},"loc":{"start":{"line":19,"column":37},"end":{"line":57,"column":7}},"line":19},"2":{"name":"(anonymous_2)","decl":{"start":{"line":21,"column":20},"end":{"line":21,"column":21}},"loc":{"start":{"line":21,"column":50},"end":{"line":42,"column":9}},"line":21}},"branchMap":{"0":{"loc":{"start":{"line":24,"column":10},"end":{"line":39,"column":11}},"type":"switch","locations":[{"start":{"line":25,"column":12},"end":{"line":27,"column":20}},{"start":{"line":28,"column":12},"end":{"line":30,"column":20}},{"start":{"line":31,"column":12},"end":{"line":33,"column":20}},{"start":{"line":34,"column":12},"end":{"line":36,"column":20}},{"start":{"line":37,"column":12},"end":{"line":38,"column":34}}],"line":24},"1":{"loc":{"start":{"line":26,"column":25},"end":{"line":26,"column":58}},"type":"cond-expr","locations":[{"start":{"line":26,"column":35},"end":{"line":26,"column":41}},{"start":{"line":26,"column":44},"end":{"line":26,"column":58}}],"line":26},"2":{"loc":{"start":{"line":29,"column":25},"end":{"line":29,"column":58}},"type":"cond-expr","locations":[{"start":{"line":29,"column":35},"end":{"line":29,"column":41}},{"start":{"line":29,"column":44},"end":{"line":29,"column":58}}],"line":29},"3":{"loc":{"start":{"line":32,"column":25},"end":{"line":32,"column":68}},"type":"cond-expr","locations":[{"start":{"line":32,"column":35},"end":{"line":32,"column":46}},{"start":{"line":32,"column":49},"end":{"line":32,"column":68}}],"line":32},"4":{"loc":{"start":{"line":35,"column":25},"end":{"line":35,"column":66}},"type":"cond-expr","locations":[{"start":{"line":35,"column":35},"end":{"line":35,"column":45}},{"start":{"line":35,"column":48},"end":{"line":35,"column":66}}],"line":35}},"s":{"0":0,"1":0,"2":0,"3":0,"4":0,"5":0,"6":0,"7":0,"8":0,"9":0,"10":0,"11":0,"12":0,"13":0,"14":0,"15":0,"16":0},"f":{"0":0,"1":0,"2":0},"b":{"0":[0,0,0,0,0],"1":[0,0],"2":[0,0],"3":[0,0],"4":[0,0]}}
,"/Users/santi/Projects/FinanceTrackerProject/FinanceTrackerApp/src/providers/QueryProvider.tsx": {"path":"/Users/santi/Projects/FinanceTrackerProject/FinanceTrackerApp/src/providers/QueryProvider.tsx","statementMap":{"0":{"start":{"line":7,"column":26},"end":{"line":54,"column":1}},"1":{"start":{"line":8,"column":2},"end":{"line":53,"column":5}},"2":{"start":{"line":18,"column":10},"end":{"line":24,"column":11}},"3":{"start":{"line":23,"column":12},"end":{"line":23,"column":25}},"4":{"start":{"line":26,"column":10},"end":{"line":26,"column":34}},"5":{"start":{"line":29,"column":36},"end":{"line":29,"column":77}},"6":{"start":{"line":39,"column":10},"end":{"line":45,"column":11}},"7":{"start":{"line":44,"column":12},"end":{"line":44,"column":25}},"8":{"start":{"line":47,"column":10},"end":{"line":47,"column":34}},"9":{"start":{"line":50,"column":36},"end":{"line":50,"column":77}},"10":{"start":{"line":57,"column":20},"end":{"line":57,"column":39}},"11":{"start":{"line":60,"column":0},"end":{"line":76,"column":1}},"12":{"start":{"line":62,"column":2},"end":{"line":68,"column":5}},"13":{"start":{"line":63,"column":4},"end":{"line":67,"column":7}},"14":{"start":{"line":70,"column":2},"end":{"line":75,"column":5}},"15":{"start":{"line":71,"column":4},"end":{"line":74,"column":7}},"16":{"start":{"line":83,"column":59},"end":{"line":87,"column":1}},"17":{"start":{"line":84,"column":2},"end":{"line":86,"column":4}}},"fnMap":{"0":{"name":"(anonymous_0)","decl":{"start":{"line":7,"column":26},"end":{"line":7,"column":27}},"loc":{"start":{"line":7,"column":32},"end":{"line":54,"column":1}},"line":7},"1":{"name":"(anonymous_1)","decl":{"start":{"line":16,"column":15},"end":{"line":16,"column":16}},"loc":{"start":{"line":16,"column":47},"end":{"line":27,"column":9}},"line":16},"2":{"name":"(anonymous_2)","decl":{"start":{"line":29,"column":20},"end":{"line":29,"column":21}},"loc":{"start":{"line":29,"column":36},"end":{"line":29,"column":77}},"line":29},"3":{"name":"(anonymous_3)","decl":{"start":{"line":37,"column":15},"end":{"line":37,"column":16}},"loc":{"start":{"line":37,"column":47},"end":{"line":48,"column":9}},"line":37},"4":{"name":"(anonymous_4)","decl":{"start":{"line":50,"column":20},"end":{"line":50,"column":21}},"loc":{"start":{"line":50,"column":36},"end":{"line":50,"column":77}},"line":50},"5":{"name":"(anonymous_5)","decl":{"start":{"line":62,"column":40},"end":{"line":62,"column":41}},"loc":{"start":{"line":62,"column":49},"end":{"line":68,"column":3}},"line":62},"6":{"name":"(anonymous_6)","decl":{"start":{"line":70,"column":43},"end":{"line":70,"column":44}},"loc":{"start":{"line":70,"column":52},"end":{"line":75,"column":3}},"line":70},"7":{"name":"(anonymous_7)","decl":{"start":{"line":83,"column":59},"end":{"line":83,"column":60}},"loc":{"start":{"line":83,"column":77},"end":{"line":87,"column":1}},"line":83}},"branchMap":{"0":{"loc":{"start":{"line":18,"column":10},"end":{"line":24,"column":11}},"type":"if","locations":[{"start":{"line":18,"column":10},"end":{"line":24,"column":11}},{"start":{},"end":{}}],"line":18},"1":{"loc":{"start":{"line":19,"column":12},"end":{"line":21,"column":30}},"type":"binary-expr","locations":[{"start":{"line":19,"column":12},"end":{"line":19,"column":37}},{"start":{"line":20,"column":12},"end":{"line":20,"column":31}},{"start":{"line":21,"column":12},"end":{"line":21,"column":30}}],"line":19},"2":{"loc":{"start":{"line":39,"column":10},"end":{"line":45,"column":11}},"type":"if","locations":[{"start":{"line":39,"column":10},"end":{"line":45,"column":11}},{"start":{},"end":{}}],"line":39},"3":{"loc":{"start":{"line":40,"column":12},"end":{"line":42,"column":30}},"type":"binary-expr","locations":[{"start":{"line":40,"column":12},"end":{"line":40,"column":37}},{"start":{"line":41,"column":12},"end":{"line":41,"column":31}},{"start":{"line":42,"column":12},"end":{"line":42,"column":30}}],"line":40},"4":{"loc":{"start":{"line":60,"column":0},"end":{"line":76,"column":1}},"type":"if","locations":[{"start":{"line":60,"column":0},"end":{"line":76,"column":1}},{"start":{},"end":{}}],"line":60}},"s":{"0":0,"1":0,"2":0,"3":0,"4":0,"5":0,"6":0,"7":0,"8":0,"9":0,"10":0,"11":0,"12":0,"13":0,"14":0,"15":0,"16":0,"17":0},"f":{"0":0,"1":0,"2":0,"3":0,"4":0,"5":0,"6":0,"7":0},"b":{"0":[0,0],"1":[0,0,0],"2":[0,0],"3":[0,0,0],"4":[0,0]}}
,"/Users/santi/Projects/FinanceTrackerProject/FinanceTrackerApp/src/screens/AddTransactionScreen.tsx": {"path":"/Users/santi/Projects/FinanceTrackerProject/FinanceTrackerApp/src/screens/AddTransactionScreen.tsx","statementMap":{"0":{"start":{"line":23,"column":73},"end":{"line":301,"column":1}},"1":{"start":{"line":27,"column":28},"end":{"line":27,"column":38}},"2":{"start":{"line":28,"column":36},"end":{"line":28,"column":66}},"3":{"start":{"line":30,"column":34},"end":{"line":35,"column":4}},"4":{"start":{"line":36,"column":32},"end":{"line":36,"column":47}},"5":{"start":{"line":38,"column":27},"end":{"line":49,"column":3}},"6":{"start":{"line":51,"column":23},"end":{"line":80,"column":3}},"7":{"start":{"line":52,"column":4},"end":{"line":55,"column":5}},"8":{"start":{"line":53,"column":6},"end":{"line":53,"column":65}},"9":{"start":{"line":54,"column":6},"end":{"line":54,"column":13}},"10":{"start":{"line":57,"column":19},"end":{"line":57,"column":46}},"11":{"start":{"line":58,"column":4},"end":{"line":61,"column":5}},"12":{"start":{"line":59,"column":6},"end":{"line":59,"column":58}},"13":{"start":{"line":60,"column":6},"end":{"line":60,"column":13}},"14":{"start":{"line":63,"column":4},"end":{"line":79,"column":5}},"15":{"start":{"line":64,"column":6},"end":{"line":64,"column":23}},"16":{"start":{"line":65,"column":52},"end":{"line":70,"column":7}},"17":{"start":{"line":72,"column":6},"end":{"line":72,"column":67}},"18":{"start":{"line":73,"column":6},"end":{"line":73,"column":63}},"19":{"start":{"line":74,"column":6},"end":{"line":74,"column":18}},"20":{"start":{"line":76,"column":6},"end":{"line":76,"column":56}},"21":{"start":{"line":78,"column":6},"end":{"line":78,"column":24}},"22":{"start":{"line":82,"column":17},"end":{"line":140,"column":4}},"23":{"start":{"line":142,"column":2},"end":{"line":300,"column":4}},"24":{"start":{"line":180,"column":16},"end":{"line":180,"column":74}},"25":{"start":{"line":206,"column":16},"end":{"line":206,"column":75}},"26":{"start":{"line":230,"column":34},"end":{"line":230,"column":76}},"27":{"start":{"line":246,"column":14},"end":{"line":246,"column":61}},"28":{"start":{"line":258,"column":14},"end":{"line":281,"column":33}},"29":{"start":{"line":273,"column":31},"end":{"line":273,"column":69}}},"fnMap":{"0":{"name":"(anonymous_0)","decl":{"start":{"line":23,"column":73},"end":{"line":23,"column":74}},"loc":{"start":{"line":26,"column":6},"end":{"line":301,"column":1}},"line":26},"1":{"name":"(anonymous_1)","decl":{"start":{"line":51,"column":23},"end":{"line":51,"column":24}},"loc":{"start":{"line":51,"column":35},"end":{"line":80,"column":3}},"line":51},"2":{"name":"(anonymous_2)","decl":{"start":{"line":179,"column":23},"end":{"line":179,"column":24}},"loc":{"start":{"line":180,"column":16},"end":{"line":180,"column":74}},"line":180},"3":{"name":"(anonymous_3)","decl":{"start":{"line":205,"column":23},"end":{"line":205,"column":24}},"loc":{"start":{"line":206,"column":16},"end":{"line":206,"column":75}},"line":206},"4":{"name":"(anonymous_4)","decl":{"start":{"line":230,"column":26},"end":{"line":230,"column":27}},"loc":{"start":{"line":230,"column":34},"end":{"line":230,"column":76}},"line":230},"5":{"name":"(anonymous_5)","decl":{"start":{"line":245,"column":26},"end":{"line":245,"column":27}},"loc":{"start":{"line":246,"column":14},"end":{"line":246,"column":61}},"line":246},"6":{"name":"(anonymous_6)","decl":{"start":{"line":257,"column":49},"end":{"line":257,"column":50}},"loc":{"start":{"line":258,"column":14},"end":{"line":281,"column":33}},"line":258},"7":{"name":"(anonymous_7)","decl":{"start":{"line":273,"column":25},"end":{"line":273,"column":26}},"loc":{"start":{"line":273,"column":31},"end":{"line":273,"column":69}},"line":273}},"branchMap":{"0":{"loc":{"start":{"line":52,"column":4},"end":{"line":55,"column":5}},"type":"if","locations":[{"start":{"line":52,"column":4},"end":{"line":55,"column":5}},{"start":{},"end":{}}],"line":52},"1":{"loc":{"start":{"line":52,"column":8},"end":{"line":52,"column":71}},"type":"binary-expr","locations":[{"start":{"line":52,"column":8},"end":{"line":52,"column":24}},{"start":{"line":52,"column":28},"end":{"line":52,"column":49}},{"start":{"line":52,"column":53},"end":{"line":52,"column":71}}],"line":52},"2":{"loc":{"start":{"line":58,"column":4},"end":{"line":61,"column":5}},"type":"if","locations":[{"start":{"line":58,"column":4},"end":{"line":61,"column":5}},{"start":{},"end":{}}],"line":58},"3":{"loc":{"start":{"line":58,"column":8},"end":{"line":58,"column":36}},"type":"binary-expr","locations":[{"start":{"line":58,"column":8},"end":{"line":58,"column":21}},{"start":{"line":58,"column":25},"end":{"line":58,"column":36}}],"line":58},"4":{"loc":{"start":{"line":144,"column":24},"end":{"line":144,"column":49}},"type":"cond-expr","locations":[{"start":{"line":144,"column":33},"end":{"line":144,"column":40}},{"start":{"line":144,"column":43},"end":{"line":144,"column":49}}],"line":144},"5":{"loc":{"start":{"line":170,"column":20},"end":{"line":172,"column":43}},"type":"cond-expr","locations":[{"start":{"line":171,"column":24},"end":{"line":171,"column":43}},{"start":{"line":172,"column":24},"end":{"line":172,"column":43}}],"line":170},"6":{"loc":{"start":{"line":174,"column":20},"end":{"line":176,"column":37}},"type":"cond-expr","locations":[{"start":{"line":175,"column":24},"end":{"line":175,"column":50}},{"start":{"line":176,"column":24},"end":{"line":176,"column":37}}],"line":174},"7":{"loc":{"start":{"line":186,"column":23},"end":{"line":186,"column":69}},"type":"cond-expr","locations":[{"start":{"line":186,"column":52},"end":{"line":186,"column":60}},{"start":{"line":186,"column":63},"end":{"line":186,"column":69}}],"line":186},"8":{"loc":{"start":{"line":196,"column":20},"end":{"line":198,"column":43}},"type":"cond-expr","locations":[{"start":{"line":197,"column":24},"end":{"line":197,"column":44}},{"start":{"line":198,"column":24},"end":{"line":198,"column":43}}],"line":196},"9":{"loc":{"start":{"line":200,"column":20},"end":{"line":202,"column":37}},"type":"cond-expr","locations":[{"start":{"line":201,"column":24},"end":{"line":201,"column":51}},{"start":{"line":202,"column":24},"end":{"line":202,"column":37}}],"line":200},"10":{"loc":{"start":{"line":212,"column":23},"end":{"line":212,"column":71}},"type":"cond-expr","locations":[{"start":{"line":212,"column":53},"end":{"line":212,"column":62}},{"start":{"line":212,"column":65},"end":{"line":212,"column":71}}],"line":212},"11":{"loc":{"start":{"line":264,"column":22},"end":{"line":266,"column":45}},"type":"cond-expr","locations":[{"start":{"line":265,"column":26},"end":{"line":265,"column":46}},{"start":{"line":266,"column":26},"end":{"line":266,"column":45}}],"line":264},"12":{"loc":{"start":{"line":268,"column":22},"end":{"line":270,"column":39}},"type":"cond-expr","locations":[{"start":{"line":269,"column":26},"end":{"line":269,"column":53}},{"start":{"line":270,"column":26},"end":{"line":270,"column":39}}],"line":268},"13":{"loc":{"start":{"line":277,"column":25},"end":{"line":277,"column":76}},"type":"cond-expr","locations":[{"start":{"line":277,"column":58},"end":{"line":277,"column":67}},{"start":{"line":277,"column":70},"end":{"line":277,"column":76}}],"line":277},"14":{"loc":{"start":{"line":288,"column":17},"end":{"line":288,"column":58}},"type":"cond-expr","locations":[{"start":{"line":288,"column":27},"end":{"line":288,"column":38}},{"start":{"line":288,"column":41},"end":{"line":288,"column":58}}],"line":288}},"s":{"0":0,"1":0,"2":0,"3":0,"4":0,"5":0,"6":0,"7":0,"8":0,"9":0,"10":0,"11":0,"12":0,"13":0,"14":0,"15":0,"16":0,"17":0,"18":0,"19":0,"20":0,"21":0,"22":0,"23":0,"24":0,"25":0,"26":0,"27":0,"28":0,"29":0},"f":{"0":0,"1":0,"2":0,"3":0,"4":0,"5":0,"6":0,"7":0},"b":{"0":[0,0],"1":[0,0,0],"2":[0,0],"3":[0,0],"4":[0,0],"5":[0,0],"6":[0,0],"7":[0,0],"8":[0,0],"9":[0,0],"10":[0,0],"11":[0,0],"12":[0,0],"13":[0,0],"14":[0,0]}}
,"/Users/santi/Projects/FinanceTrackerProject/FinanceTrackerApp/src/screens/HomeScreen.styles.ts": {"path":"/Users/santi/Projects/FinanceTrackerProject/FinanceTrackerApp/src/screens/HomeScreen.styles.ts","statementMap":{"0":{"start":{"line":4,"column":38},"end":{"line":14,"column":4}},"1":{"start":{"line":5,"column":2},"end":{"line":14,"column":4}}},"fnMap":{"0":{"name":"(anonymous_0)","decl":{"start":{"line":4,"column":38},"end":{"line":4,"column":39}},"loc":{"start":{"line":5,"column":2},"end":{"line":14,"column":4}},"line":5}},"branchMap":{},"s":{"0":0,"1":0},"f":{"0":0},"b":{}}
,"/Users/santi/Projects/FinanceTrackerProject/FinanceTrackerApp/src/screens/HomeScreen.tsx": {"path":"/Users/santi/Projects/FinanceTrackerProject/FinanceTrackerApp/src/screens/HomeScreen.tsx","statementMap":{"0":{"start":{"line":20,"column":36},"end":{"line":149,"column":1}},"1":{"start":{"line":21,"column":53},"end":{"line":21,"column":63}},"2":{"start":{"line":22,"column":56},"end":{"line":22,"column":71}},"3":{"start":{"line":23,"column":54},"end":{"line":23,"column":69}},"4":{"start":{"line":31,"column":6},"end":{"line":33,"column":4}},"5":{"start":{"line":36,"column":16},"end":{"line":36,"column":49}},"6":{"start":{"line":38,"column":22},"end":{"line":41,"column":3}},"7":{"start":{"line":39,"column":22},"end":{"line":39,"column":62}},"8":{"start":{"line":40,"column":4},"end":{"line":40,"column":28}},"9":{"start":{"line":43,"column":24},"end":{"line":45,"column":3}},"10":{"start":{"line":44,"column":4},"end":{"line":44,"column":14}},"11":{"start":{"line":47,"column":30},"end":{"line":49,"column":3}},"12":{"start":{"line":48,"column":4},"end":{"line":48,"column":49}},"13":{"start":{"line":51,"column":31},"end":{"line":53,"column":3}},"14":{"start":{"line":52,"column":4},"end":{"line":52,"column":32}},"15":{"start":{"line":55,"column":33},"end":{"line":58,"column":3}},"16":{"start":{"line":56,"column":4},"end":{"line":56,"column":33}},"17":{"start":{"line":60,"column":33},"end":{"line":62,"column":3}},"18":{"start":{"line":61,"column":4},"end":{"line":61,"column":56}},"19":{"start":{"line":64,"column":17},"end":{"line":64,"column":46}},"20":{"start":{"line":67,"column":2},"end":{"line":78,"column":3}},"21":{"start":{"line":68,"column":4},"end":{"line":77,"column":6}},"22":{"start":{"line":81,"column":2},"end":{"line":89,"column":3}},"23":{"start":{"line":82,"column":4},"end":{"line":88,"column":6}},"24":{"start":{"line":91,"column":2},"end":{"line":148,"column":4}},"25":{"start":{"line":143,"column":25},"end":{"line":143,"column":53}}},"fnMap":{"0":{"name":"(anonymous_0)","decl":{"start":{"line":20,"column":36},"end":{"line":20,"column":37}},"loc":{"start":{"line":20,"column":42},"end":{"line":149,"column":1}},"line":20},"1":{"name":"(anonymous_1)","decl":{"start":{"line":38,"column":22},"end":{"line":38,"column":23}},"loc":{"start":{"line":38,"column":28},"end":{"line":41,"column":3}},"line":38},"2":{"name":"(an
[...]
d":{"line":48,"column":66}},"8":{"start":{"line":49,"column":4},"end":{"line":49,"column":58}},"9":{"start":{"line":49,"column":23},"end":{"line":49,"column":58}},"10":{"start":{"line":50,"column":4},"end":{"line":50,"column":67}},"11":{"start":{"line":50,"column":26},"end":{"line":50,"column":67}},"12":{"start":{"line":52,"column":19},"end":{"line":52,"column":74}},"13":{"start":{"line":55,"column":4},"end":{"line":62,"column":5}},"14":{"start":{"line":61,"column":6},"end":{"line":61,"column":54}},"15":{"start":{"line":65,"column":25},"end":{"line":65,"column":60}},"16":{"start":{"line":66,"column":4},"end":{"line":76,"column":6}},"17":{"start":{"line":81,"column":4},"end":{"line":81,"column":49}},"18":{"start":{"line":86,"column":4},"end":{"line":86,"column":50}},"19":{"start":{"line":94,"column":4},"end":{"line":94,"column":55}},"20":{"start":{"line":99,"column":4},"end":{"line":99,"column":52}},"21":{"start":{"line":103,"column":26},"end":{"line":103,"column":42}}},"fnMap":{"0":{"name":"(anonymous_0)","decl":{"start":{"line":31,"column":2},"end":{"line":31,"column":3}},"loc":{"start":{"line":31,"column":70},"end":{"line":33,"column":3}},"line":31},"1":{"name":"(anonymous_1)","decl":{"start":{"line":36,"column":2},"end":{"line":36,"column":3}},"loc":{"start":{"line":36,"column":53},"end":{"line":39,"column":3}},"line":36},"2":{"name":"(anonymous_2)","decl":{"start":{"line":42,"column":2},"end":{"line":42,"column":3}},"loc":{"start":{"line":44,"column":45},"end":{"line":77,"column":3}},"line":44},"3":{"name":"(anonymous_3)","decl":{"start":{"line":80,"column":2},"end":{"line":80,"column":3}},"loc":{"start":{"line":80,"column":57},"end":{"line":82,"column":3}},"line":80},"4":{"name":"(anonymous_4)","decl":{"start":{"line":85,"column":2},"end":{"line":85,"column":3}},"loc":{"start":{"line":85,"column":76},"end":{"line":87,"column":3}},"line":85},"5":{"name":"(anonymous_5)","decl":{"start":{"line":90,"column":2},"end":{"line":90,"column":3}},"loc":{"start":{"line":93,"column":26},"end":{"line":95,"column":3}},"line":93},"6":{"name":"(anonymous_6)","decl":{"start":{"line":98,"column":2},"end":{"line":98,"column":3}},"loc":{"start":{"line":98,"column":53},"end":{"line":100,"column":3}},"line":98}},"branchMap":{"0":{"loc":{"start":{"line":38,"column":11},"end":{"line":38,"column":46}},"type":"cond-expr","locations":[{"start":{"line":38,"column":35},"end":{"line":38,"column":41}},{"start":{"line":38,"column":44},"end":{"line":38,"column":46}}],"line":38},"1":{"loc":{"start":{"line":47,"column":4},"end":{"line":47,"column":63}},"type":"if","locations":[{"start":{"line":47,"column":4},"end":{"line":47,"column":63}},{"start":{},"end":{}}],"line":47},"2":{"loc":{"start":{"line":48,"column":4},"end":{"line":48,"column":66}},"type":"if","locations":[{"start":{"line":48,"column":4},"end":{"line":48,"column":66}},{"start":{},"end":{}}],"line":48},"3":{"loc":{"start":{"line":49,"column":4},"end":{"line":49,"column":58}},"type":"if","locations":[{"start":{"line":49,"column":4},"end":{"line":49,"column":58}},{"start":{},"end":{}}],"line":49},"4":{"loc":{"start":{"line":50,"column":4},"end":{"line":50,"column":67}},"type":"if","locations":[{"start":{"line":50,"column":4},"end":{"line":50,"column":67}},{"start":{},"end":{}}],"line":50},"5":{"loc":{"start":{"line":55,"column":4},"end":{"line":62,"column":5}},"type":"if","locations":[{"start":{"line":55,"column":4},"end":{"line":62,"column":5}},{"start":{},"end":{}}],"line":55},"6":{"loc":{"start":{"line":56,"column":6},"end":{"line":59,"column":28}},"type":"binary-expr","locations":[{"start":{"line":56,"column":6},"end":{"line":56,"column":12}},{"start":{"line":57,"column":6},"end":{"line":57,"column":32}},{"start":{"line":58,"column":6},"end":{"line":58,"column":22}},{"start":{"line":59,"column":6},"end":{"line":59,"column":28}}],"line":56},"7":{"loc":{"start":{"line":65,"column":25},"end":{"line":65,"column":60}},"type":"cond-expr","locations":[{"start":{"line":65,"column":49},"end":{"line":65,"column":55}},{"start":{"line":65,"column":58},"end":{"line":65,"column":60}}],"line":65}},"s":{"0":0,"1":0,"2":0,"3":0,"4":0,"5":0,"6":0,"7":0,"8":0,"9":0,"10":0,"11":0,"12":0,"13":0,"14":0,"15":0,"16":0,"17":0,"18":0,"19":0,"20":0,"21":0},"f":{"0":0,"1":0,"2":0,"3":0,"4":0,"5":0,"6":0},"b":{"0":[0,0],"1":[0,0],"2":[0,0],"3":[0,0],"4":[0,0],"5":[0,0],"6":[0,0,0,0],"7":[0,0]}}
,"/Users/santi/Projects/FinanceTrackerProject/FinanceTrackerApp/src/services/apiClient.ts": {"path":"/Users/santi/Projects/FinanceTrackerProject/FinanceTrackerApp/src/services/apiClient.ts","statementMap":{"0":{"start":{"line":11,"column":4},"end":{"line":11,"column":19}},"1":{"start":{"line":12,"column":4},"end":{"line":12,"column":27}},"2":{"start":{"line":17,"column":24},"end":{"line":92,"column":1}},"3":{"start":{"line":18,"column":17},"end":{"line":24,"column":4}},"4":{"start":{"line":27,"column":2},"end":{"line":46,"column":4}},"5":{"start":{"line":29,"column":6},"end":{"line":37,"column":7}},"6":{"start":{"line":30,"column":8},"end":{"line":36,"column":10}},"7":{"start":{"line":38,"column":6},"end":{"line":38,"column":20}},"8":{"start":{"line":41,"column":6},"end":{"line":43,"column":7}},"9":{"start":{"line":42,"column":8},"end":{"line":42,"column":54}},"10":{"start":{"line":44,"column":6},"end":{"line":44,"column":35}},"11":{"start":{"line":49,"column":2},"end":{"line":89,"column":4}},"12":{"start":{"line":51,"column":6},"end":{"line":59,"column":7}},"13":{"start":{"line":52,"column":8},"end":{"line":58,"column":10}},"14":{"start":{"line":60,"column":6},"end":{"line":60,"column":22}},"15":{"start":{"line":63,"column":6},"end":{"line":70,"column":7}},"16":{"start":{"line":64,"column":8},"end":{"line":69,"column":11}},"17":{"start":{"line":73,"column":6},"end":{"line":87,"column":7}},"18":{"start":{"line":75,"column":26},"end":{"line":75,"column":52}},"19":{"start":{"line":77,"column":10},"end":{"line":79,"column":41}},"20":{"start":{"line":80,"column":8},"end":{"line":80,"column":80}},"21":{"start":{"line":81,"column":13},"end":{"line":87,"column":7}},"22":{"start":{"line":83,"column":8},"end":{"line":83,"column":78}},"23":{"start":{"line":86,"column":8},"end":{"line":86,"column":73}},"24":{"start":{"line":91,"column":2},"end":{"line":91,"column":16}},"25":{"start":{"line":95,"column":25},"end":{"line":95,"column":42}},"26":{"start":{"line":98,"column":26},"end":{"line":113,"column":1}},"27":{"start":{"line":100,"column":4},"end":{"line":100,"column":66}},"28":{"start":{"line":100,"column":52},"end":{"line":100,"column":65}},"29":{"start":{"line":103,"column":4},"end":{"line":103,"column":61}},"30":{"start":{"line":103,"column":47},"end":{"line":103,"column":60}},"31":{"start":{"line":106,"column":4},"end":{"line":106,"column":60}},"32":{"start":{"line":106,"column":46},"end":{"line":106,"column":59}},"33":{"start":{"line":109,"column":4},"end":{"line":109,"column":57}},"34":{"start":{"line":109,"column":43},"end":{"line":109,"column":56}},"35":{"start":{"line":112,"column":4},"end":{"line":112,"column":62}},"36":{"start":{"line":112,"column":48},"end":{"line":112,"column":61}}},"fnMap":{"0":{"name":"(anonymous_0)","decl":{"start":{"line":6,"column":2},"end":{"line":6,"column":3}},"loc":{"start":{"line":10,"column":4},"end":{"line":13,"column":3}},"line":10},"1":{"name":"(anonymous_1)","decl":{"start":{"line":17,"column":24},"end":{"line":17,"column":25}},"loc":{"start":{"line":17,"column":45},"end":{"line":92,"column":1}},"line":17},"2":{"name":"(anonymous_2)","decl":{"start":{"line":28,"column":4},"end":{"line":28,"column":5}},"loc":{"start":{"line":28,"column":14},"end":{"line":39,"column":5}},"line":28},"3":{"name":"(anonymous_3)","decl":{"start":{"line":40,"column":4},"end":{"line":40,"column":5}},"loc":{"start":{"line":40,"column":13},"end":{"line":45,"column":5}},"line":40},"4":{"name":"(anonymous_4)","decl":{"start":{"line":50,"column":4},"end":{"line":50,"column":5}},"loc":{"start":{"line":50,"column":33},"end":{"line":61,"column":5}},"line":50},"5":{"name":"(anonymous_5)","decl":{"start":{"line":62,"column":4},"end":{"line":62,"column":5}},"loc":{"start":{"line":62,"column":27},"end":{"line":88,"column":5}},"line":62},"6":{"name":"(anonymous_6)","decl":{"start":{"line":99,"column":7},"end":{"line":99,"column":8}},"loc":{"start":{"line":100,"column":4},"end":{"line":100,"column":66}},"line":100},"7":{"name":"(anonymous_7)","decl":{"start":{"line":100,"column":40},"end":{"line":100,"column":41}},"loc":{"start":{"line":100,"column":52},"end":{"line":100,"column":65}},"line":100},"8":{"name":"(anonymous_8)","decl":{"start":{"line":102,"column":8},"end":{"line":102,"column":9}},"loc":{"start":{"line":103,"column":4},"end":{"line":103,"column":61}},"line":103},"9":{"name":"(anonymous_9)","decl":{"start":{"line":103,"column":35},"end":{"line":103,"column":36}},"loc":{"start":{"line":103,"column":47},"end":{"line":103,"column":60}},"line":103},"10":{"name":"(anonymous_10)","decl":{"start":{"line":105,"column":7},"end":{"line":105,"column":8}},"loc":{"start":{"line":106,"column":4},"end":{"line":106,"column":60}},"line":106},"11":{"name":"(anonymous_11)","decl":{"start":{"line":106,"column":34},"end":{"line":106,"column":35}},"loc":{"start":{"line":106,"column":46},"end":{"line":106,"column":59}},"line":106},"12":{"name":"(anonymous_12)","decl":{"start":{"line":108,"column":10},"end":{"line":108,"column":11}},"loc":{"start":{"line":109,"column":4},"end":{"line":109,"column":57}},"line":109},"13":{"name":"(anonymous_13)","decl":{"start":{"line":109,"column":31},"end":{"line":109,"column":32}},"loc":{"start":{"line":109,"column":43},"end":{"line":109,"column":56}},"line":109},"14":{"name":"(anonymous_14)","decl":{"start":{"line":111,"column":9},"end":{"line":111,"column":10}},"loc":{"start":{"line":112,"column":4},"end":{"line":112,"column":62}},"line":112},"15":{"name":"(anonymous_15)","decl":{"start":{"line":112,"column":36},"end":{"line":112,"column":37}},"loc":{"start":{"line":112,"column":48},"end":{"line":112,"column":61}},"line":112}},"branchMap":{"0":{"loc":{"start":{"line":29,"column":6},"end":{"line":37,"column":7}},"type":"if","locations":[{"start":{"line":29,"column":6},"end":{"line":37,"column":7}},{"start":{},"end":{}}],"line":29},"1":{"loc":{"start":{"line":41,"column":6},"end":{"line":43,"column":7}},"type":"if","locations":[{"start":{"line":41,"column":6},"end":{"line":43,"column":7}},{"start":{},"end":{}}],"line":41},"2":{"loc":{"start":{"line":51,"column":6},"end":{"line":59,"column":7}},"type":"if","locations":[{"start":{"line":51,"column":6},"end":{"line":59,"column":7}},{"start":{},"end":{}}],"line":51},"3":{"loc":{"start":{"line":63,"column":6},"end":{"line":70,"column":7}},"type":"if","locations":[{"start":{"line":63,"column":6},"end":{"line":70,"column":7}},{"start":{},"end":{}}],"line":63},"4":{"loc":{"start":{"line":73,"column":6},"end":{"line":87,"column":7}},"type":"if","locations":[{"start":{"line":73,"column":6},"end":{"line":87,"column":7}},{"start":{"line":81,"column":13},"end":{"line":87,"column":7}}],"line":73},"5":{"loc":{"start":{"line":77,"column":10},"end":{"line":79,"column":41}},"type":"binary-expr","locations":[{"start":{"line":77,"column":10},"end":{"line":77,"column":26}},{"start":{"line":78,"column":10},"end":{"line":78,"column":28}},{"start":{"line":79,"column":10},"end":{"line":79,"column":41}}],"line":77},"6":{"loc":{"start":{"line":81,"column":13},"end":{"line":87,"column":7}},"type":"if","locations":[{"start":{"line":81,"column":13},"end":{"line":87,"column":7}},{"start":{"line":84,"column":13},"end":{"line":87,"column":7}}],"line":81},"7":{"loc":{"start":{"line":86,"column":30},"end":{"line":86,"column":71}},"type":"binary-expr","locations":[{"start":{"line":86,"column":30},"end":{"line":86,"column":43}},{"start":{"line":86,"column":47},"end":{"line":86,"column":71}}],"line":86}},"s":{"0":0,"1":0,"2":0,"3":0,"4":0,"5":0,"6":0,"7":0,"8":0,"9":0,"10":0,"11":0,"12":0,"13":0,"14":0,"15":0,"16":0,"17":0,"18":0,"19":0,"20":0,"21":0,"22":0,"23":0,"24":0,"25":0,"26":0,"27":0,"28":0,"29":0,"30":0,"31":0,"32":0,"33":0,"34":0,"35":0,"36":0},"f":{"0":0,"1":0,"2":0,"3":0,"4":0,"5":0,"6":0,"7":0,"8":0,"9":0,"10":0,"11":0,"12":0,"13":0,"14":0,"15":0},"b":{"0":[0,0],"1":[0,0],"2":[0,0],"3":[0,0],"4":[0,0],"5":[0,0,0],"6":[0,0],"7":[0,0]}}
,"/Users/santi/Projects/FinanceTrackerProject/FinanceTrackerApp/src/theme/ThemeContext.tsx": {"path":"/Users/santi/Projects/FinanceTrackerProject/FinanceTrackerApp/src/theme/ThemeContext.tsx","statementMap":{"0":{"start":{"line":13,"column":26},"end":{"line":13,"column":49}},"1":{"start":{"line":15,"column":21},"end":{"line":15,"column":75}},"2":{"start":{"line":21,"column":59},"end":{"line":85,"column":1}},"3":{"start":{"line":22,"column":36},"end":{"line":22,"column":65}},"4":{"start":{"line":23,"column":52},"end":{"line":25,"column":3}},"5":{"start":{"line":28,"column":26},"end":{"line":33,"column":3}},"6":{"start":{"line":29,"column":4},"end":{"line":31,"column":5}},"7":{"start":{"line":30,"column":6},"end":{"line":30,"column":67}},"8":{"start":{"line":32,"column":4},"end":{"line":32,"column":57}},"9":{"start":{"line":35,"column":16},"end":{"line":35,"column":33}},"10":{"start":{"line":36,"column":17},"end":{"line":36,"column":27}},"11":{"start":{"line":39,"column":2},"end":{"line":52,"column":9}},"12":{"start":{"line":40,"column":22},"end":{"line":49,"column":5}},"13":{"start":{"line":41,"column":6},"end":{"line":48,"column":7}},"14":{"start":{"line":42,"column":27},"end":{"line":42,"column":72}},"15":{"start":{"line":43,"column":8},"end":{"line":45,"column":9}},"16":{"start":{"line":44,"column":10},"end":{"line":44,"column":48}},"17":{"start":{"line":47,"column":8},"end":{"line":47,"column":64}},"18":{"start":{"line":51,"column":4},"end":{"line":51,"column":16}},"19":{"start":{"line":55,"column":2},"end":{"line":61,"column":9}},"20":{"start":{"line":56,"column":25},"end":{"line":58,"column":6}},"21":{"start":{"line":57,"column":6},"end":{"line":57,"column":40}},"22":{"start":{"line":60,"column":4},"end":{"line":60,"column":40}},"23":{"start":{"line":60,"column":17},"end":{"line":60,"column":39}},"24":{"start":{"line":64,"column":29},"end":{"line":71,"column":3}},"25":{"start":{"line":65,"column":4},"end":{"line":70,"column":5}},"26":{"start":{"line":66,"column":6},"end":{"line":66,"column":33}},"27":{"start":{"line":67,"column":6},"end":{"line":67,"column":66}},"28":{"start":{"line":69,"column":6},"end":{"line":69,"column":61}},"29":{"start":{"line":73,"column":41},"end":{"line":78,"column":3}},"30":{"start":{"line":80,"column":2},"end":{"line":84,"column":4}},"31":{"start":{"line":87,"column":24},"end":{"line":93,"column":1}},"32":{"start":{"line":88,"column":18},"end":{"line":88,"column":42}},"33":{"start":{"line":89,"column":2},"end":{"line":91,"column":3}},"34":{"start":{"line":90,"column":4},"end":{"line":90,"column":68}},"35":{"start":{"line":92,"column":2},"end":{"line":92,"column":17}}},"fnMap":{"0":{"name":"(anonymous_0)","decl":{"start":{"line":21,"column":59},"end":{"line":21,"column":60}},"loc":{"start":{"line":21,"column":77},"end":{"line":85,"column":1}},"line":21},"1":{"name":"(anonymous_1)","decl":{"start":{"line":28,"column":26},"end":{"line":28,"column":27}},"loc":{"start":{"line":28,"column":42},"end":{"line":33,"column":3}},"line":28},"2":{"name":"(anonymous_2)","decl":{"start":{"line":39,"column":12},"end":{"line":39,"column":13}},"loc":{"start":{"line":39,"column":18},"end":{"line":52,"column":3}},"line":39},"3":{"name":"(anonymous_3)","decl":{"start":{"line":40,"column":22},"end":{"line":40,"column":23}},"loc":{"start":{"line":40,"column":34},"end":{"line":49,"column":5}},"line":40},"4":{"name":"(anonymous_4)","decl":{"start":{"line":55,"column":12},"end":{"line":55,"column":13}},"loc":{"start":{"line":55,"column":18},"end":{"line":61,"column":3}},"line":55},"5":{"name":"(anonymous_5)","decl":{"start":{"line":56,"column":54},"end":{"line":56,"column":55}},"loc":{"start":{"line":56,"column":75},"end":{"line":58,"column":5}},"line":56},"6":{"name":"(anonymous_6)","decl":{"start":{"line":60,"column":11},"end":{"line":60,"column":12}},"loc":{"start":{"line":60,"column":17},"end":{"line":60,"column":39}},"line":60},"7":{"name":"(anonymous_7)","decl":{"start":{"line":64,"column":29},"end":{"line":64,"column":30}},"loc":{"start":{"line":64,"column":64},"end":{"line":71,"column":3}},"line":64},"8":{"name":"(anonymous_8)","decl":{"start":{"line":87,"column":24},"end":{"line":87,"column":25}},"loc":{"start":{"line":87,"column":48},"end":{"line":93,"column":1}},"line":87}},"branchMap":{"0":{"loc":{"start":{"line":29,"column":4},"end":{"line":31,"column":5}},"type":"if","locations":[{"start":{"line":29,"column":4},"end":{"line":31,"column":5}},{"start":{},"end":{}}],"line":29},"1":{"loc":{"start":{"line":30,"column":13},"end":{"line":30,"column":66}},"type":"cond-expr","locations":[{"start":{"line":30,"column":44},"end":{"line":30,"column":53}},{"start":{"line":30,"column":56},"end":{"line":30,"column":66}}],"line":30},"2":{"loc":{"start":{"line":32,"column":11},"end":{"line":32,"column":56}},"type":"cond-expr","locations":[{"start":{"line":32,"column":34},"end":{"line":32,"column":43}},{"start":{"line":32,"column":46},"end":{"line":32,"column":56}}],"line":32},"3":{"loc":{"start":{"line":43,"column":8},"end":{"line":45,"column":9}},"type":"if","locations":[{"start":{"line":43,"column":8},"end":{"line":45,"column":9}},{"start":{},"end":{}}],"line":43},"4":{"loc":{"start":{"line":43,"column":12},"end":{"line":43,"column":74}},"type":"binary-expr","locations":[{"start":{"line":43,"column":12},"end":{"line":43,"column":22}},{"start":{"line":43,"column":26},"end":{"line":43,"column":74}}],"line":43},"5":{"loc":{"start":{"line":89,"column":2},"end":{"line":91,"column":3}},"type":"if","locations":[{"start":{"line":89,"column":2},"end":{"line":91,"column":3}},{"start":{},"end":{}}],"line":89}},"s":{"0":0,"1":0,"2":0,"3":0,"4":0,"5":0,"6":0,"7":0,"8":0,"9":0,"10":0,"11":0,"12":0,"13":0,"14":0,"15":0,"16":0,"17":0,"18":0,"19":0,"20":0,"21":0,"22":0,"23":0,"24":0,"25":0,"26":0,"27":0,"28":0,"29":0,"30":0,"31":0,"32":0,"33":0,"34":0,"35":0},"f":{"0":0,"1":0,"2":0,"3":0,"4":0,"5":0,"6":0,"7":0,"8":0},"b":{"0":[0,0],"1":[0,0],"2":[0,0],"3":[0,0],"4":[0,0],"5":[0,0]}}
,"/Users/santi/Projects/FinanceTrackerProject/FinanceTrackerApp/src/theme/colors.ts": {"path":"/Users/santi/Projects/FinanceTrackerProject/FinanceTrackerApp/src/theme/colors.ts","statementMap":{"0":{"start":{"line":4,"column":39},"end":{"line":31,"column":1}},"1":{"start":{"line":34,"column":40},"end":{"line":61,"column":1}},"2":{"start":{"line":64,"column":45},"end":{"line":72,"column":1}},"3":{"start":{"line":75,"column":46},"end":{"line":83,"column":1}}},"fnMap":{},"branchMap":{},"s":{"0":0,"1":0,"2":0,"3":0},"f":{},"b":{}}
,"/Users/santi/Projects/FinanceTrackerProject/FinanceTrackerApp/src/theme/theme.ts": {"path":"/Users/santi/Projects/FinanceTrackerProject/FinanceTrackerApp/src/theme/theme.ts","statementMap":{"0":{"start":{"line":15,"column":37},"end":{"line":22,"column":1}},"1":{"start":{"line":25,"column":47},"end":{"line":32,"column":1}},"2":{"start":{"line":35,"column":43},"end":{"line":71,"column":1}},"3":{"start":{"line":74,"column":35},"end":{"line":82,"column":1}},"4":{"start":{"line":85,"column":36},"end":{"line":93,"column":1}},"5":{"start":{"line":96,"column":22},"end":{"line":99,"column":1}}},"fnMap":{},"branchMap":{},"s":{"0":0,"1":0,"2":0,"3":0,"4":0,"5":0},"f":{},"b":{}}
,"/Users/santi/Projects/FinanceTrackerProject/FinanceTrackerApp/src/types/financial.ts": {"path":"/Users/santi/Projects/FinanceTrackerProject/FinanceTrackerApp/src/types/financial.ts","statementMap":{},"fnMap":{},"branchMap":{},"s":{},"f":{},"b":{}}
,"/Users/santi/Projects/FinanceTrackerProject/FinanceTrackerApp/src/types/theme.ts": {"path":"/Users/santi/Projects/FinanceTrackerProject/FinanceTrackerApp/src/types/theme.ts","statementMap":{},"fnMap":{},"branchMap":{},"s":{},"f":{},"b":{}}
}
